<?xml version="1.0" encoding="UTF-8"?>
<!-- Generated by org.testng.reporters.JUnitXMLReporter -->
<testsuite ignored="7" hostname="DESKTOP-TTK5RS7" failures="0" tests="39" name="Test" time="1.27" errors="0" timestamp="2025-12-01T16:06:07 IST">
  <testcase classname="framework_core.BaseTest" name="@BeforeClass setup" time="0.02">
    <failure type="java.lang.RuntimeException" message="Failed to laod env : qa">
      <![CDATA[java.lang.RuntimeException: Failed to laod env : qa
at framework_core.EnvLoader.load(EnvLoader.java:21)
at framework_core.BaseTest.setup(BaseTest.java:21)
at java.base/java.util.ArrayList.forEach(ArrayList.java:1604)
Caused by: java.io.FileNotFoundException: \rediffmail-automation\src\test\resources\envqa.properties (The system cannot find the path specified)
at java.base/java.io.FileInputStream.open0(Native Method)
at java.base/java.io.FileInputStream.open(FileInputStream.java:185)
at java.base/java.io.FileInputStream.<init>(FileInputStream.java:139)
at java.base/java.io.FileInputStream.<init>(FileInputStream.java:109)
at framework_core.EnvLoader.load(EnvLoader.java:15)
... 25 more
... Removed 23 stack frames]]>
    </failure>
  </testcase> <!-- @BeforeClass setup -->
  <testcase classname="framework_core.BaseTest" name="@BeforeClass setup" time="0.002">
    <failure type="java.lang.RuntimeException" message="Failed to laod env : qa">
      <![CDATA[java.lang.RuntimeException: Failed to laod env : qa
at framework_core.EnvLoader.load(EnvLoader.java:21)
at framework_core.BaseTest.setup(BaseTest.java:21)
at java.base/java.util.ArrayList.forEach(ArrayList.java:1604)
Caused by: java.io.FileNotFoundException: \rediffmail-automation\src\test\resources\envqa.properties (The system cannot find the path specified)
at java.base/java.io.FileInputStream.open0(Native Method)
at java.base/java.io.FileInputStream.open(FileInputStream.java:185)
at java.base/java.io.FileInputStream.<init>(FileInputStream.java:139)
at java.base/java.io.FileInputStream.<init>(FileInputStream.java:109)
at framework_core.EnvLoader.load(EnvLoader.java:15)
... 25 more
... Removed 23 stack frames]]>
    </failure>
  </testcase> <!-- @BeforeClass setup -->
  <testcase classname="framework_core.BaseTest" name="@BeforeClass setup" time="0.002">
    <failure type="java.lang.RuntimeException" message="Failed to laod env : qa">
      <![CDATA[java.lang.RuntimeException: Failed to laod env : qa
at framework_core.EnvLoader.load(EnvLoader.java:21)
at framework_core.BaseTest.setup(BaseTest.java:21)
at java.base/java.util.ArrayList.forEach(ArrayList.java:1604)
Caused by: java.io.FileNotFoundException: \rediffmail-automation\src\test\resources\envqa.properties (The system cannot find the path specified)
at java.base/java.io.FileInputStream.open0(Native Method)
at java.base/java.io.FileInputStream.open(FileInputStream.java:185)
at java.base/java.io.FileInputStream.<init>(FileInputStream.java:139)
at java.base/java.io.FileInputStream.<init>(FileInputStream.java:109)
at framework_core.EnvLoader.load(EnvLoader.java:15)
... 25 more
... Removed 23 stack frames]]>
    </failure>
  </testcase> <!-- @BeforeClass setup -->
  <testcase classname="framework_core.BaseTest" name="@BeforeClass setup" time="0.002">
    <failure type="java.lang.RuntimeException" message="Failed to laod env : qa">
      <![CDATA[java.lang.RuntimeException: Failed to laod env : qa
at framework_core.EnvLoader.load(EnvLoader.java:21)
at framework_core.BaseTest.setup(BaseTest.java:21)
at java.base/java.util.ArrayList.forEach(ArrayList.java:1604)
Caused by: java.io.FileNotFoundException: \rediffmail-automation\src\test\resources\envqa.properties (The system cannot find the path specified)
at java.base/java.io.FileInputStream.open0(Native Method)
at java.base/java.io.FileInputStream.open(FileInputStream.java:185)
at java.base/java.io.FileInputStream.<init>(FileInputStream.java:139)
at java.base/java.io.FileInputStream.<init>(FileInputStream.java:109)
at framework_core.EnvLoader.load(EnvLoader.java:15)
... 25 more
... Removed 23 stack frames]]>
    </failure>
  </testcase> <!-- @BeforeClass setup -->
  <testcase classname="framework_core.BaseTest" name="@BeforeClass setup" time="0.001">
    <failure type="java.lang.RuntimeException" message="Failed to laod env : qa">
      <![CDATA[java.lang.RuntimeException: Failed to laod env : qa
at framework_core.EnvLoader.load(EnvLoader.java:21)
at framework_core.BaseTest.setup(BaseTest.java:21)
at java.base/java.util.ArrayList.forEach(ArrayList.java:1604)
Caused by: java.io.FileNotFoundException: \rediffmail-automation\src\test\resources\envqa.properties (The system cannot find the path specified)
at java.base/java.io.FileInputStream.open0(Native Method)
at java.base/java.io.FileInputStream.open(FileInputStream.java:185)
at java.base/java.io.FileInputStream.<init>(FileInputStream.java:139)
at java.base/java.io.FileInputStream.<init>(FileInputStream.java:109)
at framework_core.EnvLoader.load(EnvLoader.java:15)
... 25 more
... Removed 23 stack frames]]>
    </failure>
  </testcase> <!-- @BeforeClass setup -->
  <testcase classname="framework_core.BaseTest" name="@BeforeClass setup" time="0.002">
    <failure type="java.lang.RuntimeException" message="Failed to laod env : qa">
      <![CDATA[java.lang.RuntimeException: Failed to laod env : qa
at framework_core.EnvLoader.load(EnvLoader.java:21)
at framework_core.BaseTest.setup(BaseTest.java:21)
at java.base/java.util.ArrayList.forEach(ArrayList.java:1604)
Caused by: java.io.FileNotFoundException: \rediffmail-automation\src\test\resources\envqa.properties (The system cannot find the path specified)
at java.base/java.io.FileInputStream.open0(Native Method)
at java.base/java.io.FileInputStream.open(FileInputStream.java:185)
at java.base/java.io.FileInputStream.<init>(FileInputStream.java:139)
at java.base/java.io.FileInputStream.<init>(FileInputStream.java:109)
at framework_core.EnvLoader.load(EnvLoader.java:15)
... 25 more
... Removed 23 stack frames]]>
    </failure>
  </testcase> <!-- @BeforeClass setup -->
  <testcase classname="framework_core.BaseTest" name="@BeforeClass setup" time="0.001">
    <failure type="java.lang.RuntimeException" message="Failed to laod env : qa">
      <![CDATA[java.lang.RuntimeException: Failed to laod env : qa
at framework_core.EnvLoader.load(EnvLoader.java:21)
at framework_core.BaseTest.setup(BaseTest.java:21)
at java.base/java.util.ArrayList.forEach(ArrayList.java:1604)
Caused by: java.io.FileNotFoundException: \rediffmail-automation\src\test\resources\envqa.properties (The system cannot find the path specified)
at java.base/java.io.FileInputStream.open0(Native Method)
at java.base/java.io.FileInputStream.open(FileInputStream.java:185)
at java.base/java.io.FileInputStream.<init>(FileInputStream.java:139)
at java.base/java.io.FileInputStream.<init>(FileInputStream.java:109)
at framework_core.EnvLoader.load(EnvLoader.java:15)
... 25 more
... Removed 23 stack frames]]>
    </failure>
  </testcase> <!-- @BeforeClass setup -->
  <testcase classname="framework_core.BaseTest" name="@BeforeClass setup" time="0.002">
    <failure type="java.lang.RuntimeException" message="Failed to laod env : qa">
      <![CDATA[java.lang.RuntimeException: Failed to laod env : qa
at framework_core.EnvLoader.load(EnvLoader.java:21)
at framework_core.BaseTest.setup(BaseTest.java:21)
at java.base/java.util.ArrayList.forEach(ArrayList.java:1604)
Caused by: java.io.FileNotFoundException: \rediffmail-automation\src\test\resources\envqa.properties (The system cannot find the path specified)
at java.base/java.io.FileInputStream.open0(Native Method)
at java.base/java.io.FileInputStream.open(FileInputStream.java:185)
at java.base/java.io.FileInputStream.<init>(FileInputStream.java:139)
at java.base/java.io.FileInputStream.<init>(FileInputStream.java:109)
at framework_core.EnvLoader.load(EnvLoader.java:15)
... 25 more
... Removed 23 stack frames]]>
    </failure>
  </testcase> <!-- @BeforeClass setup -->
  <testcase classname="regression.ComposeRegressionTests" name="T29_composeAutosaveIdle" time="0.001">
    <skipped/>
  </testcase> <!-- T29_composeAutosaveIdle -->
  <testcase classname="regression.ComposeRegressionTests" name="T30_sendThrottle" time="0.0">
    <skipped/>
  </testcase> <!-- T30_sendThrottle -->
  <testcase classname="regression.ComposeRegressionTests" name="T31_internationalization" time="0.0">
    <skipped/>
  </testcase> <!-- T31_internationalization -->
  <testcase classname="regression.InboxRegressionTests" name="T25_multiLoginLogout" time="0.0">
    <skipped/>
  </testcase> <!-- T25_multiLoginLogout -->
  <testcase classname="regression.InboxRegressionTests" name="T26_paginationNavigation" time="0.0">
    <skipped/>
  </testcase> <!-- T26_paginationNavigation -->
  <testcase classname="regression.InboxRegressionTests" name="T27_bulkDeleteRestore" time="0.0">
    <skipped/>
  </testcase> <!-- T27_bulkDeleteRestore -->
  <testcase classname="regression.InboxRegressionTests" name="T28_folderCreateDelete" time="0.0">
    <skipped/>
  </testcase> <!-- T28_folderCreateDelete -->
  <testcase classname="regression.SystemRegressionTests" name="T32_sessionTimeout" time="0.0">
    <skipped/>
  </testcase> <!-- T32_sessionTimeout -->
  <testcase classname="regression.SystemRegressionTests" name="T33_malwareBlock" time="0.0">
    <skipped/>
  </testcase> <!-- T33_malwareBlock -->
  <testcase classname="regression.SystemRegressionTests" name="T34_crossBrowserSmoke" time="0.0">
    <skipped/>
  </testcase> <!-- T34_crossBrowserSmoke -->
  <testcase classname="functional.SettingsFunctionalTests" name="T23_updateSignature" time="0.0">
    <skipped/>
  </testcase> <!-- T23_updateSignature -->
  <testcase classname="functional.SettingsFunctionalTests" name="T24_enableVacationAutoReply" time="0.001">
    <skipped/>
  </testcase> <!-- T24_enableVacationAutoReply -->
  <testcase classname="functional.SearchFunctionalTests" name="T20_searchKeyword" time="0.0">
    <skipped/>
  </testcase> <!-- T20_searchKeyword -->
  <testcase classname="functional.SearchFunctionalTests" name="T21_searchBySender" time="0.0">
    <skipped/>
  </testcase> <!-- T21_searchBySender -->
  <testcase classname="functional.SearchFunctionalTests" name="T22_searchByDateRange" time="0.0">
    <skipped/>
  </testcase> <!-- T22_searchByDateRange -->
  <testcase classname="sanity.SanitySuite" name="T01_validLogin" time="0.0">
    <skipped/>
  </testcase> <!-- T01_validLogin -->
  <testcase classname="sanity.SanitySuite" name="T02_composeSendMinimal" time="0.0">
    <skipped/>
  </testcase> <!-- T02_composeSendMinimal -->
  <testcase classname="sanity.SanitySuite" name="T03_logout" time="0.0">
    <skipped/>
  </testcase> <!-- T03_logout -->
  <testcase classname="sanity.SanitySuite" name="T04_inboxLoad" time="0.0">
    <skipped/>
  </testcase> <!-- T04_inboxLoad -->
  <testcase classname="sanity.SanitySuite" name="T05_basicSearch" time="0.0">
    <skipped/>
  </testcase> <!-- T05_basicSearch -->
  <testcase classname="sanity.SanitySuite" name="T06_openMail" time="0.0">
    <skipped/>
  </testcase> <!-- T06_openMail -->
  <testcase classname="sanity.SanitySuite" name="T07_deleteMailToTrash" time="0.0">
    <skipped/>
  </testcase> <!-- T07_deleteMailToTrash -->
  <testcase classname="sanity.SanitySuite" name="T08_draftSaveOnClose" time="0.0">
    <skipped/>
  </testcase> <!-- T08_draftSaveOnClose -->
  <testcase classname="functional.LoginFunctionalTests" name="T09_invalidLogin" time="0.0">
    <skipped/>
  </testcase> <!-- T09_invalidLogin -->
  <testcase classname="functional.LoginFunctionalTests" name="T09_invalidLogin" time="0.0">
    <skipped/>
  </testcase> <!-- T09_invalidLogin -->
  <testcase classname="functional.LoginFunctionalTests" name="T09_invalidLogin" time="0.001">
    <skipped/>
  </testcase> <!-- T09_invalidLogin -->
  <testcase classname="functional.LoginFunctionalTests" name="T09_invalidLogin" time="0.0">
    <skipped/>
  </testcase> <!-- T09_invalidLogin -->
  <testcase classname="functional.LoginFunctionalTests" name="T10_passwordMasked" time="0.0">
    <skipped/>
  </testcase> <!-- T10_passwordMasked -->
  <testcase classname="functional.LoginFunctionalTests" name="T11_successLogin" time="0.0">
    <skipped/>
  </testcase> <!-- T11_successLogin -->
  <testcase classname="functional.ComposeFunctionalTests" name="T12_sendWithCcBcc" time="0.001">
    <skipped/>
  </testcase> <!-- T12_sendWithCcBcc -->
  <testcase classname="functional.ComposeFunctionalTests" name="T13_attachmentUpload" time="0.0">
    <skipped/>
  </testcase> <!-- T13_attachmentUpload -->
  <testcase classname="functional.ComposeFunctionalTests" name="T13_attachmentUpload" time="0.0">
    <skipped/>
  </testcase> <!-- T13_attachmentUpload -->
  <testcase classname="functional.ComposeFunctionalTests" name="T13_attachmentUpload" time="0.0">
    <skipped/>
  </testcase> <!-- T13_attachmentUpload -->
  <testcase classname="functional.ComposeFunctionalTests" name="T14_largeAttachmentNegative" time="0.0">
    <skipped/>
  </testcase> <!-- T14_largeAttachmentNegative -->
  <testcase classname="functional.ComposeFunctionalTests" name="T15_richTextFormatting" time="0.0">
    <skipped/>
  </testcase> <!-- T15_richTextFormatting -->
  <testcase classname="functional.ComposeFunctionalTests" name="T16_markReadUnread" time="0.0">
    <skipped/>
  </testcase> <!-- T16_markReadUnread -->
  <testcase classname="functional.ComposeFunctionalTests" name="T17_moveMailToFolder" time="0.0">
    <skipped/>
  </testcase> <!-- T17_moveMailToFolder -->
  <testcase classname="functional.ComposeFunctionalTests" name="T18_draftAutoSave" time="0.0">
    <skipped/>
  </testcase> <!-- T18_draftAutoSave -->
  <testcase classname="functional.ComposeFunctionalTests" name="T19_invalidRecipientNegative" time="0.0">
    <skipped/>
  </testcase> <!-- T19_invalidRecipientNegative -->
  <testcase classname="framework_core.BaseTest" name="@BeforeSuite beforeSuite" time="0.0">
    <ignored/>
  </testcase> <!-- @BeforeSuite beforeSuite -->
  <testcase classname="framework_core.BaseTest" name="@BeforeSuite beforeSuite" time="0.0">
    <ignored/>
  </testcase> <!-- @BeforeSuite beforeSuite -->
  <testcase classname="framework_core.BaseTest" name="@BeforeSuite beforeSuite" time="0.0">
    <ignored/>
  </testcase> <!-- @BeforeSuite beforeSuite -->
  <testcase classname="framework_core.BaseTest" name="@BeforeSuite beforeSuite" time="0.0">
    <ignored/>
  </testcase> <!-- @BeforeSuite beforeSuite -->
  <testcase classname="framework_core.BaseTest" name="@BeforeSuite beforeSuite" time="0.0">
    <ignored/>
  </testcase> <!-- @BeforeSuite beforeSuite -->
  <testcase classname="framework_core.BaseTest" name="@BeforeSuite beforeSuite" time="0.0">
    <ignored/>
  </testcase> <!-- @BeforeSuite beforeSuite -->
  <testcase classname="framework_core.BaseTest" name="@BeforeSuite beforeSuite" time="0.0">
    <ignored/>
  </testcase> <!-- @BeforeSuite beforeSuite -->
</testsuite> <!-- Test -->
