{"uuid":"d7a13c60-56a2-403e-89ba-d71c24e4510f","name":"functional.ComposeFunctionalTests","children":["3345c067-7a9b-4c67-b66a-2832cbd378c5","1fdf9fe9-c7a8-4f7e-bce0-5ad818bed836","6aaff354-081a-4981-a7a2-6956dff6e797","0f828dde-6e59-447d-91aa-65eb89b12f56","75acf431-9c0a-4cb0-895d-223c4abbaed3","75effcb9-f1af-4c87-8a29-bc1722c44de5","bae61d77-17fa-4dc1-9600-2b36ecb1c4b8","52c59f80-b6a0-497f-8e0e-d9671bd07a4a","59f50be7-2979-409e-a72f-cccfceaee402","e2396cb0-98c0-4bd8-90ac-5e37773e2a52","89d3bb44-7d91-4ff6-ba3e-82c3da36c083"],"befores":[{"name":"setup","status":"broken","statusDetails":{"known":false,"muted":false,"flaky":false,"message":"Failed to laod env : qa","trace":"java.lang.RuntimeException: Failed to laod env : qa\r\n\tat framework_core.EnvLoader.load(EnvLoader.java:21)\r\n\tat framework_core.BaseTest.setup(BaseTest.java:21)\r\n\tat java.base/jdk.internal.reflect.DirectMethodHandleAccessor.invoke(DirectMethodHandleAccessor.java:104)\r\n\tat java.base/java.lang.reflect.Method.invoke(Method.java:565)\r\n\tat org.testng.internal.invokers.MethodInvocationHelper.invokeMethod(MethodInvocationHelper.java:141)\r\n\tat org.testng.internal.invokers.MethodInvocationHelper.invokeMethodConsideringTimeout(MethodInvocationHelper.java:71)\r\n\tat org.testng.internal.invokers.ConfigInvoker.invokeConfigurationMethod(ConfigInvoker.java:400)\r\n\tat org.testng.internal.invokers.ConfigInvoker.invokeConfigurations(ConfigInvoker.java:333)\r\n\tat org.testng.internal.invokers.TestMethodWorker.invokeBeforeClassMethods(TestMethodWorker.java:188)\r\n\tat org.testng.internal.invokers.TestMethodWorker.run(TestMethodWorker.java:128)\r\n\tat java.base/java.util.ArrayList.forEach(ArrayList.java:1604)\r\n\tat org.testng.TestRunner.privateRun(TestRunner.java:741)\r\n\tat org.testng.TestRunner.run(TestRunner.java:616)\r\n\tat org.testng.SuiteRunner.runTest(SuiteRunner.java:421)\r\n\tat org.testng.SuiteRunner.runSequentially(SuiteRunner.java:413)\r\n\tat org.testng.SuiteRunner.privateRun(SuiteRunner.java:373)\r\n\tat org.testng.SuiteRunner.run(SuiteRunner.java:312)\r\n\tat org.testng.SuiteRunnerWorker.runSuite(SuiteRunnerWorker.java:52)\r\n\tat org.testng.SuiteRunnerWorker.run(SuiteRunnerWorker.java:95)\r\n\tat org.testng.TestNG.runSuitesSequentially(TestNG.java:1274)\r\n\tat org.testng.TestNG.runSuitesLocally(TestNG.java:1208)\r\n\tat org.testng.TestNG.runSuites(TestNG.java:1112)\r\n\tat org.testng.TestNG.run(TestNG.java:1079)\r\n\tat org.testng.remote.AbstractRemoteTestNG.run(AbstractRemoteTestNG.java:115)\r\n\tat org.testng.remote.RemoteTestNG.initAndRun(RemoteTestNG.java:293)\r\n\tat org.testng.remote.RemoteTestNG.main(RemoteTestNG.java:91)\r\nCaused by: java.io.FileNotFoundException: \\rediffmail-automation\\src\\test\\resources\\envqa.properties (The system cannot find the path specified)\r\n\tat java.base/java.io.FileInputStream.open0(Native Method)\r\n\tat java.base/java.io.FileInputStream.open(FileInputStream.java:185)\r\n\tat java.base/java.io.FileInputStream.<init>(FileInputStream.java:139)\r\n\tat java.base/java.io.FileInputStream.<init>(FileInputStream.java:109)\r\n\tat framework_core.EnvLoader.load(EnvLoader.java:15)\r\n\t... 25 more\r\n"},"stage":"finished","description":"","steps":[],"attachments":[],"parameters":[],"start":1764585367703,"stop":1764585367704}],"afters":[{"name":"teardown","status":"passed","stage":"finished","description":"","steps":[],"attachments":[],"parameters":[],"start":1764585367864,"stop":1764585367864}],"start":1764585366605,"stop":1764585367872}