<?xml version="1.0" encoding="UTF-8"?>
<!-- Generated by org.testng.reporters.JUnitXMLReporter -->
<testsuite ignored="1" hostname="DESKTOP-TTK5RS7" failures="0" tests="4" name="MarketWatch-Firefox" time="0.236" errors="0" timestamp="2025-11-22T13:29:42 IST">
  <testcase classname="tests.MarketWatchTests" name="verifyIndexValueIsDisplayed" time="0.0">
    <skipped/>
  </testcase> <!-- verifyIndexValueIsDisplayed -->
  <testcase classname="tests.MarketWatchTests" name="verifyResponsiveLayoutChrome" time="0.001">
    <skipped/>
  </testcase> <!-- verifyResponsiveLayoutChrome -->
  <testcase classname="tests.MarketWatchTests" name="verifyTopGainersTab" time="0.0">
    <skipped/>
  </testcase> <!-- verifyTopGainersTab -->
  <testcase classname="tests.MarketWatchTests" name="verifyTopLosersTab" time="0.0">
    <skipped/>
  </testcase> <!-- verifyTopLosersTab -->
  <testcase classname="tests.MarketWatchTests" name="verifyMarketSummaryLoads" time="0.0">
    <ignored/>
  </testcase> <!-- verifyMarketSummaryLoads -->
</testsuite> <!-- MarketWatch-Firefox -->
