<!DOCTYPE html PUBLIC "-//W3C//DTD XHTML 1.1//EN" "https://www.w3.org/TR/xhtml11/DTD/xhtml11.dtd">
<html xmlns="https://www.w3.org/1999/xhtml">
<head>
<meta http-equiv="content-type" content="text/html; charset=UTF-8"/>
<title>TestNG Report</title>
<style type="text/css">table {margin-bottom:10px;border-collapse:collapse;empty-cells:show}th,td {border:1px solid #009;padding:.25em .5em}th {vertical-align:bottom}td {vertical-align:top}table a {font-weight:bold}.stripe td {background-color: #E6EBF9}.num {text-align:right}.passedodd td {background-color: #3F3}.passedeven td {background-color: #0A0}.skippedodd td {background-color: #DDD}.skippedeven td {background-color: #CCC}.failedodd td,.attn {background-color: #F33}.failedeven td,.stripe .attn {background-color: #D00}.stacktrace {white-space:pre;font-family:monospace}.totop {font-size:85%;text-align:center;border-bottom:2px solid #000}.invisible {display:none}</style>
</head>
<body>
<table>
<tr><th>Test</th><th># Passed</th><th># Skipped</th><th># Retried</th><th># Failed</th><th>Time (ms)</th><th>Included Groups</th><th>Excluded Groups</th></tr>
<tr><th colspan="8">Suite</th></tr>
<tr><td><a href="#t0">Test</a></td><td class="num">0</td><td class="num attn">39</td><td class="num">0</td><td class="num">0</td><td class="num">1,270</td><td></td><td></td></tr>
</table>
<table id='summary'><thead><tr><th>Class</th><th>Method</th><th>Start</th><th>Time (ms)</th></tr></thead><tbody><tr><th colspan="4">Suite</th></tr></tbody><tbody id="t0"><tr><th colspan="4">Test &#8212; failed (configuration methods)</th></tr><tr class="failedeven"><td rowspan="1">functional.ComposeFunctionalTests</td><td><a href="#m0">setup</a></td><td rowspan="1">1764585367701</td><td rowspan="1">2</td></tr><tr class="failedodd"><td rowspan="1">functional.LoginFunctionalTests</td><td><a href="#m1">setup</a></td><td rowspan="1">1764585367538</td><td rowspan="1">1</td></tr><tr class="failedeven"><td rowspan="1">functional.SearchFunctionalTests</td><td><a href="#m2">setup</a></td><td rowspan="1">1764585367322</td><td rowspan="1">1</td></tr><tr class="failedodd"><td rowspan="1">functional.SettingsFunctionalTests</td><td><a href="#m3">setup</a></td><td rowspan="1">1764585367272</td><td rowspan="1">2</td></tr><tr class="failedeven"><td rowspan="1">regression.ComposeRegressionTests</td><td><a href="#m4">setup</a></td><td rowspan="1">1764585366664</td><td rowspan="1">20</td></tr><tr class="failedodd"><td rowspan="1">regression.InboxRegressionTests</td><td><a href="#m5">setup</a></td><td rowspan="1">1764585367099</td><td rowspan="1">2</td></tr><tr class="failedeven"><td rowspan="1">regression.SystemRegressionTests</td><td><a href="#m6">setup</a></td><td rowspan="1">1764585367195</td><td rowspan="1">2</td></tr><tr class="failedodd"><td rowspan="1">sanity.SanitySuite</td><td><a href="#m7">setup</a></td><td rowspan="1">1764585367388</td><td rowspan="1">2</td></tr><tr><th colspan="4">Test &#8212; skipped</th></tr><tr class="skippedeven"><td rowspan="10">functional.ComposeFunctionalTests</td><td><a href="#m8">T12_sendWithCcBcc</a></td><td rowspan="1">1764585367713</td><td rowspan="1">1</td></tr><tr class="skippedeven"><td><a href="#m9">T13_attachmentUpload</a></td><td rowspan="3">1764585367731</td><td rowspan="3">0</td></tr><tr class="skippedeven"><td><a href="#m10">T13_attachmentUpload</a></td></tr><tr class="skippedeven"><td><a href="#m11">T13_attachmentUpload</a></td></tr><tr class="skippedeven"><td><a href="#m12">T14_largeAttachmentNegative</a></td><td rowspan="1">1764585367778</td><td rowspan="1">0</td></tr><tr class="skippedeven"><td><a href="#m13">T15_richTextFormatting</a></td><td rowspan="1">1764585367793</td><td rowspan="1">0</td></tr><tr class="skippedeven"><td><a href="#m14">T16_markReadUnread</a></td><td rowspan="1">1764585367808</td><td rowspan="1">0</td></tr><tr class="skippedeven"><td><a href="#m15">T17_moveMailToFolder</a></td><td rowspan="1">1764585367822</td><td rowspan="1">0</td></tr><tr class="skippedeven"><td><a href="#m16">T18_draftAutoSave</a></td><td rowspan="1">1764585367836</td><td rowspan="1">0</td></tr><tr class="skippedeven"><td><a href="#m17">T19_invalidRecipientNegative</a></td><td rowspan="1">1764585367848</td><td rowspan="1">0</td></tr><tr class="skippedodd"><td rowspan="6">functional.LoginFunctionalTests</td><td><a href="#m18">T09_invalidLogin</a></td><td rowspan="4">1764585367605</td><td rowspan="4">1</td></tr><tr class="skippedodd"><td><a href="#m19">T09_invalidLogin</a></td></tr><tr class="skippedodd"><td><a href="#m20">T09_invalidLogin</a></td></tr><tr class="skippedodd"><td><a href="#m21">T09_invalidLogin</a></td></tr><tr class="skippedodd"><td><a href="#m22">T10_passwordMasked</a></td><td rowspan="1">1764585367641</td><td rowspan="1">0</td></tr><tr class="skippedodd"><td><a href="#m23">T11_successLogin</a></td><td rowspan="1">1764585367665</td><td rowspan="1">0</td></tr><tr class="skippedeven"><td rowspan="3">functional.SearchFunctionalTests</td><td><a href="#m24">T20_searchKeyword</a></td><td rowspan="1">1764585367334</td><td rowspan="1">0</td></tr><tr class="skippedeven"><td><a href="#m25">T21_searchBySender</a></td><td rowspan="1">1764585367351</td><td rowspan="1">0</td></tr><tr class="skippedeven"><td><a href="#m26">T22_searchByDateRange</a></td><td rowspan="1">1764585367370</td><td rowspan="1">0</td></tr><tr class="skippedodd"><td rowspan="2">functional.SettingsFunctionalTests</td><td><a href="#m27">T23_updateSignature</a></td><td rowspan="1">1764585367285</td><td rowspan="1">0</td></tr><tr class="skippedodd"><td><a href="#m28">T24_enableVacationAutoReply</a></td><td rowspan="1">1764585367303</td><td rowspan="1">1</td></tr><tr class="skippedeven"><td rowspan="3">regression.ComposeRegressionTests</td><td><a href="#m29">T29_composeAutosaveIdle</a></td><td rowspan="1">1764585366995</td><td rowspan="1">1</td></tr><tr class="skippedeven"><td><a href="#m30">T30_sendThrottle</a></td><td rowspan="1">1764585367054</td><td rowspan="1">0</td></tr><tr class="skippedeven"><td><a href="#m31">T31_internationalization</a></td><td rowspan="1">1764585367076</td><td rowspan="1">0</td></tr><tr class="skippedodd"><td rowspan="4">regression.InboxRegressionTests</td><td><a href="#m32">T25_multiLoginLogout</a></td><td rowspan="1">1764585367114</td><td rowspan="1">0</td></tr><tr class="skippedodd"><td><a href="#m33">T26_paginationNavigation</a></td><td rowspan="1">1764585367134</td><td rowspan="1">0</td></tr><tr class="skippedodd"><td><a href="#m34">T27_bulkDeleteRestore</a></td><td rowspan="1">1764585367155</td><td rowspan="1">0</td></tr><tr class="skippedodd"><td><a href="#m35">T28_folderCreateDelete</a></td><td rowspan="1">1764585367174</td><td rowspan="1">0</td></tr><tr class="skippedeven"><td rowspan="3">regression.SystemRegressionTests</td><td><a href="#m36">T32_sessionTimeout</a></td><td rowspan="1">1764585367209</td><td rowspan="1">0</td></tr><tr class="skippedeven"><td><a href="#m37">T33_malwareBlock</a></td><td rowspan="1">1764585367228</td><td rowspan="1">0</td></tr><tr class="skippedeven"><td><a href="#m38">T34_crossBrowserSmoke</a></td><td rowspan="1">1764585367248</td><td rowspan="1">0</td></tr><tr class="skippedodd"><td rowspan="8">sanity.SanitySuite</td><td><a href="#m39">T01_validLogin</a></td><td rowspan="1">1764585367401</td><td rowspan="1">0</td></tr><tr class="skippedodd"><td><a href="#m40">T02_composeSendMinimal</a></td><td rowspan="1">1764585367418</td><td rowspan="1">0</td></tr><tr class="skippedodd"><td><a href="#m41">T03_logout</a></td><td rowspan="1">1764585367432</td><td rowspan="1">0</td></tr><tr class="skippedodd"><td><a href="#m42">T04_inboxLoad</a></td><td rowspan="1">1764585367447</td><td rowspan="1">0</td></tr><tr class="skippedodd"><td><a href="#m43">T05_basicSearch</a></td><td rowspan="1">1764585367466</td><td rowspan="1">0</td></tr><tr class="skippedodd"><td><a href="#m44">T06_openMail</a></td><td rowspan="1">1764585367483</td><td rowspan="1">0</td></tr><tr class="skippedodd"><td><a href="#m45">T07_deleteMailToTrash</a></td><td rowspan="1">1764585367502</td><td rowspan="1">0</td></tr><tr class="skippedodd"><td><a href="#m46">T08_draftSaveOnClose</a></td><td rowspan="1">1764585367521</td><td rowspan="1">0</td></tr></tbody>
</table>
<h2>Test</h2><h3 id="m0">functional.ComposeFunctionalTests#setup</h3><table class="result"><tr class="param"><th>Parameter #1</th></tr><tr class="param stripe"><td>qa</td></tr><tr><th>Exception</th></tr><tr><td><div class="stacktrace">java.lang.RuntimeException: Failed to laod env : qa
	at framework_core.EnvLoader.load(EnvLoader.java:21)
	at framework_core.BaseTest.setup(BaseTest.java:21)
	at java.base/java.util.ArrayList.forEach(ArrayList.java:1604)
Caused by: java.io.FileNotFoundException: \rediffmail-automation\src\test\resources\envqa.properties (The system cannot find the path specified)
	at java.base/java.io.FileInputStream.open0(Native Method)
	at java.base/java.io.FileInputStream.open(FileInputStream.java:185)
	at java.base/java.io.FileInputStream.&lt;init&gt;(FileInputStream.java:139)
	at java.base/java.io.FileInputStream.&lt;init&gt;(FileInputStream.java:109)
	at framework_core.EnvLoader.load(EnvLoader.java:15)
	... 25 more
... Removed 23 stack frames</div></td></tr></table><p class="totop"><a href="#summary">back to summary</a></p>
<h3 id="m1">functional.LoginFunctionalTests#setup</h3><table class="result"><tr class="param"><th>Parameter #1</th></tr><tr class="param stripe"><td>qa</td></tr><tr><th>Exception</th></tr><tr><td><div class="stacktrace">java.lang.RuntimeException: Failed to laod env : qa
	at framework_core.EnvLoader.load(EnvLoader.java:21)
	at framework_core.BaseTest.setup(BaseTest.java:21)
	at java.base/java.util.ArrayList.forEach(ArrayList.java:1604)
Caused by: java.io.FileNotFoundException: \rediffmail-automation\src\test\resources\envqa.properties (The system cannot find the path specified)
	at java.base/java.io.FileInputStream.open0(Native Method)
	at java.base/java.io.FileInputStream.open(FileInputStream.java:185)
	at java.base/java.io.FileInputStream.&lt;init&gt;(FileInputStream.java:139)
	at java.base/java.io.FileInputStream.&lt;init&gt;(FileInputStream.java:109)
	at framework_core.EnvLoader.load(EnvLoader.java:15)
	... 25 more
... Removed 23 stack frames</div></td></tr></table><p class="totop"><a href="#summary">back to summary</a></p>
<h3 id="m2">functional.SearchFunctionalTests#setup</h3><table class="result"><tr class="param"><th>Parameter #1</th></tr><tr class="param stripe"><td>qa</td></tr><tr><th>Exception</th></tr><tr><td><div class="stacktrace">java.lang.RuntimeException: Failed to laod env : qa
	at framework_core.EnvLoader.load(EnvLoader.java:21)
	at framework_core.BaseTest.setup(BaseTest.java:21)
	at java.base/java.util.ArrayList.forEach(ArrayList.java:1604)
Caused by: java.io.FileNotFoundException: \rediffmail-automation\src\test\resources\envqa.properties (The system cannot find the path specified)
	at java.base/java.io.FileInputStream.open0(Native Method)
	at java.base/java.io.FileInputStream.open(FileInputStream.java:185)
	at java.base/java.io.FileInputStream.&lt;init&gt;(FileInputStream.java:139)
	at java.base/java.io.FileInputStream.&lt;init&gt;(FileInputStream.java:109)
	at framework_core.EnvLoader.load(EnvLoader.java:15)
	... 25 more
... Removed 23 stack frames</div></td></tr></table><p class="totop"><a href="#summary">back to summary</a></p>
<h3 id="m3">functional.SettingsFunctionalTests#setup</h3><table class="result"><tr class="param"><th>Parameter #1</th></tr><tr class="param stripe"><td>qa</td></tr><tr><th>Exception</th></tr><tr><td><div class="stacktrace">java.lang.RuntimeException: Failed to laod env : qa
	at framework_core.EnvLoader.load(EnvLoader.java:21)
	at framework_core.BaseTest.setup(BaseTest.java:21)
	at java.base/java.util.ArrayList.forEach(ArrayList.java:1604)
Caused by: java.io.FileNotFoundException: \rediffmail-automation\src\test\resources\envqa.properties (The system cannot find the path specified)
	at java.base/java.io.FileInputStream.open0(Native Method)
	at java.base/java.io.FileInputStream.open(FileInputStream.java:185)
	at java.base/java.io.FileInputStream.&lt;init&gt;(FileInputStream.java:139)
	at java.base/java.io.FileInputStream.&lt;init&gt;(FileInputStream.java:109)
	at framework_core.EnvLoader.load(EnvLoader.java:15)
	... 25 more
... Removed 23 stack frames</div></td></tr></table><p class="totop"><a href="#summary">back to summary</a></p>
<h3 id="m4">regression.ComposeRegressionTests#setup</h3><table class="result"><tr class="param"><th>Parameter #1</th></tr><tr class="param stripe"><td>qa</td></tr><tr><th>Exception</th></tr><tr><td><div class="stacktrace">java.lang.RuntimeException: Failed to laod env : qa
	at framework_core.EnvLoader.load(EnvLoader.java:21)
	at framework_core.BaseTest.setup(BaseTest.java:21)
	at java.base/java.util.ArrayList.forEach(ArrayList.java:1604)
Caused by: java.io.FileNotFoundException: \rediffmail-automation\src\test\resources\envqa.properties (The system cannot find the path specified)
	at java.base/java.io.FileInputStream.open0(Native Method)
	at java.base/java.io.FileInputStream.open(FileInputStream.java:185)
	at java.base/java.io.FileInputStream.&lt;init&gt;(FileInputStream.java:139)
	at java.base/java.io.FileInputStream.&lt;init&gt;(FileInputStream.java:109)
	at framework_core.EnvLoader.load(EnvLoader.java:15)
	... 25 more
... Removed 23 stack frames</div></td></tr></table><p class="totop"><a href="#summary">back to summary</a></p>
<h3 id="m5">regression.InboxRegressionTests#setup</h3><table class="result"><tr class="param"><th>Parameter #1</th></tr><tr class="param stripe"><td>qa</td></tr><tr><th>Exception</th></tr><tr><td><div class="stacktrace">java.lang.RuntimeException: Failed to laod env : qa
	at framework_core.EnvLoader.load(EnvLoader.java:21)
	at framework_core.BaseTest.setup(BaseTest.java:21)
	at java.base/java.util.ArrayList.forEach(ArrayList.java:1604)
Caused by: java.io.FileNotFoundException: \rediffmail-automation\src\test\resources\envqa.properties (The system cannot find the path specified)
	at java.base/java.io.FileInputStream.open0(Native Method)
	at java.base/java.io.FileInputStream.open(FileInputStream.java:185)
	at java.base/java.io.FileInputStream.&lt;init&gt;(FileInputStream.java:139)
	at java.base/java.io.FileInputStream.&lt;init&gt;(FileInputStream.java:109)
	at framework_core.EnvLoader.load(EnvLoader.java:15)
	... 25 more
... Removed 23 stack frames</div></td></tr></table><p class="totop"><a href="#summary">back to summary</a></p>
<h3 id="m6">regression.SystemRegressionTests#setup</h3><table class="result"><tr class="param"><th>Parameter #1</th></tr><tr class="param stripe"><td>qa</td></tr><tr><th>Exception</th></tr><tr><td><div class="stacktrace">java.lang.RuntimeException: Failed to laod env : qa
	at framework_core.EnvLoader.load(EnvLoader.java:21)
	at framework_core.BaseTest.setup(BaseTest.java:21)
	at java.base/java.util.ArrayList.forEach(ArrayList.java:1604)
Caused by: java.io.FileNotFoundException: \rediffmail-automation\src\test\resources\envqa.properties (The system cannot find the path specified)
	at java.base/java.io.FileInputStream.open0(Native Method)
	at java.base/java.io.FileInputStream.open(FileInputStream.java:185)
	at java.base/java.io.FileInputStream.&lt;init&gt;(FileInputStream.java:139)
	at java.base/java.io.FileInputStream.&lt;init&gt;(FileInputStream.java:109)
	at framework_core.EnvLoader.load(EnvLoader.java:15)
	... 25 more
... Removed 23 stack frames</div></td></tr></table><p class="totop"><a href="#summary">back to summary</a></p>
<h3 id="m7">sanity.SanitySuite#setup</h3><table class="result"><tr class="param"><th>Parameter #1</th></tr><tr class="param stripe"><td>qa</td></tr><tr><th>Exception</th></tr><tr><td><div class="stacktrace">java.lang.RuntimeException: Failed to laod env : qa
	at framework_core.EnvLoader.load(EnvLoader.java:21)
	at framework_core.BaseTest.setup(BaseTest.java:21)
	at java.base/java.util.ArrayList.forEach(ArrayList.java:1604)
Caused by: java.io.FileNotFoundException: \rediffmail-automation\src\test\resources\envqa.properties (The system cannot find the path specified)
	at java.base/java.io.FileInputStream.open0(Native Method)
	at java.base/java.io.FileInputStream.open(FileInputStream.java:185)
	at java.base/java.io.FileInputStream.&lt;init&gt;(FileInputStream.java:139)
	at java.base/java.io.FileInputStream.&lt;init&gt;(FileInputStream.java:109)
	at framework_core.EnvLoader.load(EnvLoader.java:15)
	... 25 more
... Removed 23 stack frames</div></td></tr></table><p class="totop"><a href="#summary">back to summary</a></p>
<h3 id="m8">functional.ComposeFunctionalTests#T12_sendWithCcBcc</h3><table class="result"><tr><th>Exception</th></tr><tr><td><div class="stacktrace">java.lang.RuntimeException: Failed to laod env : qa
	at framework_core.EnvLoader.load(EnvLoader.java:21)
	at framework_core.BaseTest.setup(BaseTest.java:21)
	at java.base/java.util.ArrayList.forEach(ArrayList.java:1604)
Caused by: java.io.FileNotFoundException: \rediffmail-automation\src\test\resources\envqa.properties (The system cannot find the path specified)
	at java.base/java.io.FileInputStream.open0(Native Method)
	at java.base/java.io.FileInputStream.open(FileInputStream.java:185)
	at java.base/java.io.FileInputStream.&lt;init&gt;(FileInputStream.java:139)
	at java.base/java.io.FileInputStream.&lt;init&gt;(FileInputStream.java:109)
	at framework_core.EnvLoader.load(EnvLoader.java:15)
	... 25 more
... Removed 23 stack frames</div></td></tr></table><p class="totop"><a href="#summary">back to summary</a></p>
<h3 id="m9">functional.ComposeFunctionalTests#T13_attachmentUpload</h3><table class="result"><tr class="param"><th>Parameter #1</th><th>Parameter #2</th></tr><tr class="param stripe"><td>src/test/resources/data/sample.pdf</td><td>true</td></tr><tr><th colspan="2">Exception</th></tr><tr><td colspan="2"><div class="stacktrace">java.lang.RuntimeException: Failed to laod env : qa
	at framework_core.EnvLoader.load(EnvLoader.java:21)
	at framework_core.BaseTest.setup(BaseTest.java:21)
	at java.base/java.util.ArrayList.forEach(ArrayList.java:1604)
Caused by: java.io.FileNotFoundException: \rediffmail-automation\src\test\resources\envqa.properties (The system cannot find the path specified)
	at java.base/java.io.FileInputStream.open0(Native Method)
	at java.base/java.io.FileInputStream.open(FileInputStream.java:185)
	at java.base/java.io.FileInputStream.&lt;init&gt;(FileInputStream.java:139)
	at java.base/java.io.FileInputStream.&lt;init&gt;(FileInputStream.java:109)
	at framework_core.EnvLoader.load(EnvLoader.java:15)
	... 25 more
... Removed 23 stack frames</div></td></tr></table><p class="totop"><a href="#summary">back to summary</a></p>
<h3 id="m10">functional.ComposeFunctionalTests#T13_attachmentUpload</h3><table class="result"><tr class="param"><th>Parameter #1</th><th>Parameter #2</th></tr><tr class="param stripe"><td>src/test/resources/data/large.zip</td><td>false</td></tr><tr><th colspan="2">Exception</th></tr><tr><td colspan="2"><div class="stacktrace">java.lang.RuntimeException: Failed to laod env : qa
	at framework_core.EnvLoader.load(EnvLoader.java:21)
	at framework_core.BaseTest.setup(BaseTest.java:21)
	at java.base/java.util.ArrayList.forEach(ArrayList.java:1604)
Caused by: java.io.FileNotFoundException: \rediffmail-automation\src\test\resources\envqa.properties (The system cannot find the path specified)
	at java.base/java.io.FileInputStream.open0(Native Method)
	at java.base/java.io.FileInputStream.open(FileInputStream.java:185)
	at java.base/java.io.FileInputStream.&lt;init&gt;(FileInputStream.java:139)
	at java.base/java.io.FileInputStream.&lt;init&gt;(FileInputStream.java:109)
	at framework_core.EnvLoader.load(EnvLoader.java:15)
	... 25 more
... Removed 23 stack frames</div></td></tr></table><p class="totop"><a href="#summary">back to summary</a></p>
<h3 id="m11">functional.ComposeFunctionalTests#T13_attachmentUpload</h3><table class="result"><tr class="param"><th>Parameter #1</th><th>Parameter #2</th></tr><tr class="param stripe"><td>src/test/resources/data/eicar.txt</td><td>false</td></tr><tr><th colspan="2">Exception</th></tr><tr><td colspan="2"><div class="stacktrace">java.lang.RuntimeException: Failed to laod env : qa
	at framework_core.EnvLoader.load(EnvLoader.java:21)
	at framework_core.BaseTest.setup(BaseTest.java:21)
	at java.base/java.util.ArrayList.forEach(ArrayList.java:1604)
Caused by: java.io.FileNotFoundException: \rediffmail-automation\src\test\resources\envqa.properties (The system cannot find the path specified)
	at java.base/java.io.FileInputStream.open0(Native Method)
	at java.base/java.io.FileInputStream.open(FileInputStream.java:185)
	at java.base/java.io.FileInputStream.&lt;init&gt;(FileInputStream.java:139)
	at java.base/java.io.FileInputStream.&lt;init&gt;(FileInputStream.java:109)
	at framework_core.EnvLoader.load(EnvLoader.java:15)
	... 25 more
... Removed 23 stack frames</div></td></tr></table><p class="totop"><a href="#summary">back to summary</a></p>
<h3 id="m12">functional.ComposeFunctionalTests#T14_largeAttachmentNegative</h3><table class="result"><tr><th>Exception</th></tr><tr><td><div class="stacktrace">java.lang.RuntimeException: Failed to laod env : qa
	at framework_core.EnvLoader.load(EnvLoader.java:21)
	at framework_core.BaseTest.setup(BaseTest.java:21)
	at java.base/java.util.ArrayList.forEach(ArrayList.java:1604)
Caused by: java.io.FileNotFoundException: \rediffmail-automation\src\test\resources\envqa.properties (The system cannot find the path specified)
	at java.base/java.io.FileInputStream.open0(Native Method)
	at java.base/java.io.FileInputStream.open(FileInputStream.java:185)
	at java.base/java.io.FileInputStream.&lt;init&gt;(FileInputStream.java:139)
	at java.base/java.io.FileInputStream.&lt;init&gt;(FileInputStream.java:109)
	at framework_core.EnvLoader.load(EnvLoader.java:15)
	... 25 more
... Removed 23 stack frames</div></td></tr></table><p class="totop"><a href="#summary">back to summary</a></p>
<h3 id="m13">functional.ComposeFunctionalTests#T15_richTextFormatting</h3><table class="result"><tr><th>Exception</th></tr><tr><td><div class="stacktrace">java.lang.RuntimeException: Failed to laod env : qa
	at framework_core.EnvLoader.load(EnvLoader.java:21)
	at framework_core.BaseTest.setup(BaseTest.java:21)
	at java.base/java.util.ArrayList.forEach(ArrayList.java:1604)
Caused by: java.io.FileNotFoundException: \rediffmail-automation\src\test\resources\envqa.properties (The system cannot find the path specified)
	at java.base/java.io.FileInputStream.open0(Native Method)
	at java.base/java.io.FileInputStream.open(FileInputStream.java:185)
	at java.base/java.io.FileInputStream.&lt;init&gt;(FileInputStream.java:139)
	at java.base/java.io.FileInputStream.&lt;init&gt;(FileInputStream.java:109)
	at framework_core.EnvLoader.load(EnvLoader.java:15)
	... 25 more
... Removed 23 stack frames</div></td></tr></table><p class="totop"><a href="#summary">back to summary</a></p>
<h3 id="m14">functional.ComposeFunctionalTests#T16_markReadUnread</h3><table class="result"><tr><th>Exception</th></tr><tr><td><div class="stacktrace">java.lang.RuntimeException: Failed to laod env : qa
	at framework_core.EnvLoader.load(EnvLoader.java:21)
	at framework_core.BaseTest.setup(BaseTest.java:21)
	at java.base/java.util.ArrayList.forEach(ArrayList.java:1604)
Caused by: java.io.FileNotFoundException: \rediffmail-automation\src\test\resources\envqa.properties (The system cannot find the path specified)
	at java.base/java.io.FileInputStream.open0(Native Method)
	at java.base/java.io.FileInputStream.open(FileInputStream.java:185)
	at java.base/java.io.FileInputStream.&lt;init&gt;(FileInputStream.java:139)
	at java.base/java.io.FileInputStream.&lt;init&gt;(FileInputStream.java:109)
	at framework_core.EnvLoader.load(EnvLoader.java:15)
	... 25 more
... Removed 23 stack frames</div></td></tr></table><p class="totop"><a href="#summary">back to summary</a></p>
<h3 id="m15">functional.ComposeFunctionalTests#T17_moveMailToFolder</h3><table class="result"><tr><th>Exception</th></tr><tr><td><div class="stacktrace">java.lang.RuntimeException: Failed to laod env : qa
	at framework_core.EnvLoader.load(EnvLoader.java:21)
	at framework_core.BaseTest.setup(BaseTest.java:21)
	at java.base/java.util.ArrayList.forEach(ArrayList.java:1604)
Caused by: java.io.FileNotFoundException: \rediffmail-automation\src\test\resources\envqa.properties (The system cannot find the path specified)
	at java.base/java.io.FileInputStream.open0(Native Method)
	at java.base/java.io.FileInputStream.open(FileInputStream.java:185)
	at java.base/java.io.FileInputStream.&lt;init&gt;(FileInputStream.java:139)
	at java.base/java.io.FileInputStream.&lt;init&gt;(FileInputStream.java:109)
	at framework_core.EnvLoader.load(EnvLoader.java:15)
	... 25 more
... Removed 23 stack frames</div></td></tr></table><p class="totop"><a href="#summary">back to summary</a></p>
<h3 id="m16">functional.ComposeFunctionalTests#T18_draftAutoSave</h3><table class="result"><tr><th>Exception</th></tr><tr><td><div class="stacktrace">java.lang.RuntimeException: Failed to laod env : qa
	at framework_core.EnvLoader.load(EnvLoader.java:21)
	at framework_core.BaseTest.setup(BaseTest.java:21)
	at java.base/java.util.ArrayList.forEach(ArrayList.java:1604)
Caused by: java.io.FileNotFoundException: \rediffmail-automation\src\test\resources\envqa.properties (The system cannot find the path specified)
	at java.base/java.io.FileInputStream.open0(Native Method)
	at java.base/java.io.FileInputStream.open(FileInputStream.java:185)
	at java.base/java.io.FileInputStream.&lt;init&gt;(FileInputStream.java:139)
	at java.base/java.io.FileInputStream.&lt;init&gt;(FileInputStream.java:109)
	at framework_core.EnvLoader.load(EnvLoader.java:15)
	... 25 more
... Removed 23 stack frames</div></td></tr></table><p class="totop"><a href="#summary">back to summary</a></p>
<h3 id="m17">functional.ComposeFunctionalTests#T19_invalidRecipientNegative</h3><table class="result"><tr><th>Exception</th></tr><tr><td><div class="stacktrace">java.lang.RuntimeException: Failed to laod env : qa
	at framework_core.EnvLoader.load(EnvLoader.java:21)
	at framework_core.BaseTest.setup(BaseTest.java:21)
	at java.base/java.util.ArrayList.forEach(ArrayList.java:1604)
Caused by: java.io.FileNotFoundException: \rediffmail-automation\src\test\resources\envqa.properties (The system cannot find the path specified)
	at java.base/java.io.FileInputStream.open0(Native Method)
	at java.base/java.io.FileInputStream.open(FileInputStream.java:185)
	at java.base/java.io.FileInputStream.&lt;init&gt;(FileInputStream.java:139)
	at java.base/java.io.FileInputStream.&lt;init&gt;(FileInputStream.java:109)
	at framework_core.EnvLoader.load(EnvLoader.java:15)
	... 25 more
... Removed 23 stack frames</div></td></tr></table><p class="totop"><a href="#summary">back to summary</a></p>
<h3 id="m18">functional.LoginFunctionalTests#T09_invalidLogin</h3><table class="result"><tr class="param"><th>Parameter #1</th><th>Parameter #2</th></tr><tr class="param stripe"><td>user@rediffmail.com</td><td></td></tr><tr><th colspan="2">Exception</th></tr><tr><td colspan="2"><div class="stacktrace">java.lang.RuntimeException: Failed to laod env : qa
	at framework_core.EnvLoader.load(EnvLoader.java:21)
	at framework_core.BaseTest.setup(BaseTest.java:21)
	at java.base/java.util.ArrayList.forEach(ArrayList.java:1604)
Caused by: java.io.FileNotFoundException: \rediffmail-automation\src\test\resources\envqa.properties (The system cannot find the path specified)
	at java.base/java.io.FileInputStream.open0(Native Method)
	at java.base/java.io.FileInputStream.open(FileInputStream.java:185)
	at java.base/java.io.FileInputStream.&lt;init&gt;(FileInputStream.java:139)
	at java.base/java.io.FileInputStream.&lt;init&gt;(FileInputStream.java:109)
	at framework_core.EnvLoader.load(EnvLoader.java:15)
	... 25 more
... Removed 23 stack frames</div></td></tr></table><p class="totop"><a href="#summary">back to summary</a></p>
<h3 id="m19">functional.LoginFunctionalTests#T09_invalidLogin</h3><table class="result"><tr class="param"><th>Parameter #1</th><th>Parameter #2</th></tr><tr class="param stripe"><td>user@rediffmail.com</td><td>wrongpass</td></tr><tr><th colspan="2">Exception</th></tr><tr><td colspan="2"><div class="stacktrace">java.lang.RuntimeException: Failed to laod env : qa
	at framework_core.EnvLoader.load(EnvLoader.java:21)
	at framework_core.BaseTest.setup(BaseTest.java:21)
	at java.base/java.util.ArrayList.forEach(ArrayList.java:1604)
Caused by: java.io.FileNotFoundException: \rediffmail-automation\src\test\resources\envqa.properties (The system cannot find the path specified)
	at java.base/java.io.FileInputStream.open0(Native Method)
	at java.base/java.io.FileInputStream.open(FileInputStream.java:185)
	at java.base/java.io.FileInputStream.&lt;init&gt;(FileInputStream.java:139)
	at java.base/java.io.FileInputStream.&lt;init&gt;(FileInputStream.java:109)
	at framework_core.EnvLoader.load(EnvLoader.java:15)
	... 25 more
... Removed 23 stack frames</div></td></tr></table><p class="totop"><a href="#summary">back to summary</a></p>
<h3 id="m20">functional.LoginFunctionalTests#T09_invalidLogin</h3><table class="result"><tr class="param"><th>Parameter #1</th><th>Parameter #2</th></tr><tr class="param stripe"><td>invalid@@mail.com</td><td>pass123</td></tr><tr><th colspan="2">Exception</th></tr><tr><td colspan="2"><div class="stacktrace">java.lang.RuntimeException: Failed to laod env : qa
	at framework_core.EnvLoader.load(EnvLoader.java:21)
	at framework_core.BaseTest.setup(BaseTest.java:21)
	at java.base/java.util.ArrayList.forEach(ArrayList.java:1604)
Caused by: java.io.FileNotFoundException: \rediffmail-automation\src\test\resources\envqa.properties (The system cannot find the path specified)
	at java.base/java.io.FileInputStream.open0(Native Method)
	at java.base/java.io.FileInputStream.open(FileInputStream.java:185)
	at java.base/java.io.FileInputStream.&lt;init&gt;(FileInputStream.java:139)
	at java.base/java.io.FileInputStream.&lt;init&gt;(FileInputStream.java:109)
	at framework_core.EnvLoader.load(EnvLoader.java:15)
	... 25 more
... Removed 23 stack frames</div></td></tr></table><p class="totop"><a href="#summary">back to summary</a></p>
<h3 id="m21">functional.LoginFunctionalTests#T09_invalidLogin</h3><table class="result"><tr class="param"><th>Parameter #1</th><th>Parameter #2</th></tr><tr class="param stripe"><td></td><td>somepass</td></tr><tr><th colspan="2">Exception</th></tr><tr><td colspan="2"><div class="stacktrace">java.lang.RuntimeException: Failed to laod env : qa
	at framework_core.EnvLoader.load(EnvLoader.java:21)
	at framework_core.BaseTest.setup(BaseTest.java:21)
	at java.base/java.util.ArrayList.forEach(ArrayList.java:1604)
Caused by: java.io.FileNotFoundException: \rediffmail-automation\src\test\resources\envqa.properties (The system cannot find the path specified)
	at java.base/java.io.FileInputStream.open0(Native Method)
	at java.base/java.io.FileInputStream.open(FileInputStream.java:185)
	at java.base/java.io.FileInputStream.&lt;init&gt;(FileInputStream.java:139)
	at java.base/java.io.FileInputStream.&lt;init&gt;(FileInputStream.java:109)
	at framework_core.EnvLoader.load(EnvLoader.java:15)
	... 25 more
... Removed 23 stack frames</div></td></tr></table><p class="totop"><a href="#summary">back to summary</a></p>
<h3 id="m22">functional.LoginFunctionalTests#T10_passwordMasked</h3><table class="result"><tr><th>Exception</th></tr><tr><td><div class="stacktrace">java.lang.RuntimeException: Failed to laod env : qa
	at framework_core.EnvLoader.load(EnvLoader.java:21)
	at framework_core.BaseTest.setup(BaseTest.java:21)
	at java.base/java.util.ArrayList.forEach(ArrayList.java:1604)
Caused by: java.io.FileNotFoundException: \rediffmail-automation\src\test\resources\envqa.properties (The system cannot find the path specified)
	at java.base/java.io.FileInputStream.open0(Native Method)
	at java.base/java.io.FileInputStream.open(FileInputStream.java:185)
	at java.base/java.io.FileInputStream.&lt;init&gt;(FileInputStream.java:139)
	at java.base/java.io.FileInputStream.&lt;init&gt;(FileInputStream.java:109)
	at framework_core.EnvLoader.load(EnvLoader.java:15)
	... 25 more
... Removed 23 stack frames</div></td></tr></table><p class="totop"><a href="#summary">back to summary</a></p>
<h3 id="m23">functional.LoginFunctionalTests#T11_successLogin</h3><table class="result"><tr><th>Exception</th></tr><tr><td><div class="stacktrace">java.lang.RuntimeException: Failed to laod env : qa
	at framework_core.EnvLoader.load(EnvLoader.java:21)
	at framework_core.BaseTest.setup(BaseTest.java:21)
	at java.base/java.util.ArrayList.forEach(ArrayList.java:1604)
Caused by: java.io.FileNotFoundException: \rediffmail-automation\src\test\resources\envqa.properties (The system cannot find the path specified)
	at java.base/java.io.FileInputStream.open0(Native Method)
	at java.base/java.io.FileInputStream.open(FileInputStream.java:185)
	at java.base/java.io.FileInputStream.&lt;init&gt;(FileInputStream.java:139)
	at java.base/java.io.FileInputStream.&lt;init&gt;(FileInputStream.java:109)
	at framework_core.EnvLoader.load(EnvLoader.java:15)
	... 25 more
... Removed 23 stack frames</div></td></tr></table><p class="totop"><a href="#summary">back to summary</a></p>
<h3 id="m24">functional.SearchFunctionalTests#T20_searchKeyword</h3><table class="result"><tr><th>Exception</th></tr><tr><td><div class="stacktrace">java.lang.RuntimeException: Failed to laod env : qa
	at framework_core.EnvLoader.load(EnvLoader.java:21)
	at framework_core.BaseTest.setup(BaseTest.java:21)
	at java.base/java.util.ArrayList.forEach(ArrayList.java:1604)
Caused by: java.io.FileNotFoundException: \rediffmail-automation\src\test\resources\envqa.properties (The system cannot find the path specified)
	at java.base/java.io.FileInputStream.open0(Native Method)
	at java.base/java.io.FileInputStream.open(FileInputStream.java:185)
	at java.base/java.io.FileInputStream.&lt;init&gt;(FileInputStream.java:139)
	at java.base/java.io.FileInputStream.&lt;init&gt;(FileInputStream.java:109)
	at framework_core.EnvLoader.load(EnvLoader.java:15)
	... 25 more
... Removed 23 stack frames</div></td></tr></table><p class="totop"><a href="#summary">back to summary</a></p>
<h3 id="m25">functional.SearchFunctionalTests#T21_searchBySender</h3><table class="result"><tr><th>Exception</th></tr><tr><td><div class="stacktrace">java.lang.RuntimeException: Failed to laod env : qa
	at framework_core.EnvLoader.load(EnvLoader.java:21)
	at framework_core.BaseTest.setup(BaseTest.java:21)
	at java.base/java.util.ArrayList.forEach(ArrayList.java:1604)
Caused by: java.io.FileNotFoundException: \rediffmail-automation\src\test\resources\envqa.properties (The system cannot find the path specified)
	at java.base/java.io.FileInputStream.open0(Native Method)
	at java.base/java.io.FileInputStream.open(FileInputStream.java:185)
	at java.base/java.io.FileInputStream.&lt;init&gt;(FileInputStream.java:139)
	at java.base/java.io.FileInputStream.&lt;init&gt;(FileInputStream.java:109)
	at framework_core.EnvLoader.load(EnvLoader.java:15)
	... 25 more
... Removed 23 stack frames</div></td></tr></table><p class="totop"><a href="#summary">back to summary</a></p>
<h3 id="m26">functional.SearchFunctionalTests#T22_searchByDateRange</h3><table class="result"><tr><th>Exception</th></tr><tr><td><div class="stacktrace">java.lang.RuntimeException: Failed to laod env : qa
	at framework_core.EnvLoader.load(EnvLoader.java:21)
	at framework_core.BaseTest.setup(BaseTest.java:21)
	at java.base/java.util.ArrayList.forEach(ArrayList.java:1604)
Caused by: java.io.FileNotFoundException: \rediffmail-automation\src\test\resources\envqa.properties (The system cannot find the path specified)
	at java.base/java.io.FileInputStream.open0(Native Method)
	at java.base/java.io.FileInputStream.open(FileInputStream.java:185)
	at java.base/java.io.FileInputStream.&lt;init&gt;(FileInputStream.java:139)
	at java.base/java.io.FileInputStream.&lt;init&gt;(FileInputStream.java:109)
	at framework_core.EnvLoader.load(EnvLoader.java:15)
	... 25 more
... Removed 23 stack frames</div></td></tr></table><p class="totop"><a href="#summary">back to summary</a></p>
<h3 id="m27">functional.SettingsFunctionalTests#T23_updateSignature</h3><table class="result"><tr><th>Exception</th></tr><tr><td><div class="stacktrace">java.lang.RuntimeException: Failed to laod env : qa
	at framework_core.EnvLoader.load(EnvLoader.java:21)
	at framework_core.BaseTest.setup(BaseTest.java:21)
	at java.base/java.util.ArrayList.forEach(ArrayList.java:1604)
Caused by: java.io.FileNotFoundException: \rediffmail-automation\src\test\resources\envqa.properties (The system cannot find the path specified)
	at java.base/java.io.FileInputStream.open0(Native Method)
	at java.base/java.io.FileInputStream.open(FileInputStream.java:185)
	at java.base/java.io.FileInputStream.&lt;init&gt;(FileInputStream.java:139)
	at java.base/java.io.FileInputStream.&lt;init&gt;(FileInputStream.java:109)
	at framework_core.EnvLoader.load(EnvLoader.java:15)
	... 25 more
... Removed 23 stack frames</div></td></tr></table><p class="totop"><a href="#summary">back to summary</a></p>
<h3 id="m28">functional.SettingsFunctionalTests#T24_enableVacationAutoReply</h3><table class="result"><tr><th>Exception</th></tr><tr><td><div class="stacktrace">java.lang.RuntimeException: Failed to laod env : qa
	at framework_core.EnvLoader.load(EnvLoader.java:21)
	at framework_core.BaseTest.setup(BaseTest.java:21)
	at java.base/java.util.ArrayList.forEach(ArrayList.java:1604)
Caused by: java.io.FileNotFoundException: \rediffmail-automation\src\test\resources\envqa.properties (The system cannot find the path specified)
	at java.base/java.io.FileInputStream.open0(Native Method)
	at java.base/java.io.FileInputStream.open(FileInputStream.java:185)
	at java.base/java.io.FileInputStream.&lt;init&gt;(FileInputStream.java:139)
	at java.base/java.io.FileInputStream.&lt;init&gt;(FileInputStream.java:109)
	at framework_core.EnvLoader.load(EnvLoader.java:15)
	... 25 more
... Removed 23 stack frames</div></td></tr></table><p class="totop"><a href="#summary">back to summary</a></p>
<h3 id="m29">regression.ComposeRegressionTests#T29_composeAutosaveIdle</h3><table class="result"><tr><th>Exception</th></tr><tr><td><div class="stacktrace">java.lang.RuntimeException: Failed to laod env : qa
	at framework_core.EnvLoader.load(EnvLoader.java:21)
	at framework_core.BaseTest.setup(BaseTest.java:21)
	at java.base/java.util.ArrayList.forEach(ArrayList.java:1604)
Caused by: java.io.FileNotFoundException: \rediffmail-automation\src\test\resources\envqa.properties (The system cannot find the path specified)
	at java.base/java.io.FileInputStream.open0(Native Method)
	at java.base/java.io.FileInputStream.open(FileInputStream.java:185)
	at java.base/java.io.FileInputStream.&lt;init&gt;(FileInputStream.java:139)
	at java.base/java.io.FileInputStream.&lt;init&gt;(FileInputStream.java:109)
	at framework_core.EnvLoader.load(EnvLoader.java:15)
	... 25 more
... Removed 23 stack frames</div></td></tr></table><p class="totop"><a href="#summary">back to summary</a></p>
<h3 id="m30">regression.ComposeRegressionTests#T30_sendThrottle</h3><table class="result"><tr><th>Exception</th></tr><tr><td><div class="stacktrace">java.lang.RuntimeException: Failed to laod env : qa
	at framework_core.EnvLoader.load(EnvLoader.java:21)
	at framework_core.BaseTest.setup(BaseTest.java:21)
	at java.base/java.util.ArrayList.forEach(ArrayList.java:1604)
Caused by: java.io.FileNotFoundException: \rediffmail-automation\src\test\resources\envqa.properties (The system cannot find the path specified)
	at java.base/java.io.FileInputStream.open0(Native Method)
	at java.base/java.io.FileInputStream.open(FileInputStream.java:185)
	at java.base/java.io.FileInputStream.&lt;init&gt;(FileInputStream.java:139)
	at java.base/java.io.FileInputStream.&lt;init&gt;(FileInputStream.java:109)
	at framework_core.EnvLoader.load(EnvLoader.java:15)
	... 25 more
... Removed 23 stack frames</div></td></tr></table><p class="totop"><a href="#summary">back to summary</a></p>
<h3 id="m31">regression.ComposeRegressionTests#T31_internationalization</h3><table class="result"><tr><th>Exception</th></tr><tr><td><div class="stacktrace">java.lang.RuntimeException: Failed to laod env : qa
	at framework_core.EnvLoader.load(EnvLoader.java:21)
	at framework_core.BaseTest.setup(BaseTest.java:21)
	at java.base/java.util.ArrayList.forEach(ArrayList.java:1604)
Caused by: java.io.FileNotFoundException: \rediffmail-automation\src\test\resources\envqa.properties (The system cannot find the path specified)
	at java.base/java.io.FileInputStream.open0(Native Method)
	at java.base/java.io.FileInputStream.open(FileInputStream.java:185)
	at java.base/java.io.FileInputStream.&lt;init&gt;(FileInputStream.java:139)
	at java.base/java.io.FileInputStream.&lt;init&gt;(FileInputStream.java:109)
	at framework_core.EnvLoader.load(EnvLoader.java:15)
	... 25 more
... Removed 23 stack frames</div></td></tr></table><p class="totop"><a href="#summary">back to summary</a></p>
<h3 id="m32">regression.InboxRegressionTests#T25_multiLoginLogout</h3><table class="result"><tr><th>Exception</th></tr><tr><td><div class="stacktrace">java.lang.RuntimeException: Failed to laod env : qa
	at framework_core.EnvLoader.load(EnvLoader.java:21)
	at framework_core.BaseTest.setup(BaseTest.java:21)
	at java.base/java.util.ArrayList.forEach(ArrayList.java:1604)
Caused by: java.io.FileNotFoundException: \rediffmail-automation\src\test\resources\envqa.properties (The system cannot find the path specified)
	at java.base/java.io.FileInputStream.open0(Native Method)
	at java.base/java.io.FileInputStream.open(FileInputStream.java:185)
	at java.base/java.io.FileInputStream.&lt;init&gt;(FileInputStream.java:139)
	at java.base/java.io.FileInputStream.&lt;init&gt;(FileInputStream.java:109)
	at framework_core.EnvLoader.load(EnvLoader.java:15)
	... 25 more
... Removed 23 stack frames</div></td></tr></table><p class="totop"><a href="#summary">back to summary</a></p>
<h3 id="m33">regression.InboxRegressionTests#T26_paginationNavigation</h3><table class="result"><tr><th>Exception</th></tr><tr><td><div class="stacktrace">java.lang.RuntimeException: Failed to laod env : qa
	at framework_core.EnvLoader.load(EnvLoader.java:21)
	at framework_core.BaseTest.setup(BaseTest.java:21)
	at java.base/java.util.ArrayList.forEach(ArrayList.java:1604)
Caused by: java.io.FileNotFoundException: \rediffmail-automation\src\test\resources\envqa.properties (The system cannot find the path specified)
	at java.base/java.io.FileInputStream.open0(Native Method)
	at java.base/java.io.FileInputStream.open(FileInputStream.java:185)
	at java.base/java.io.FileInputStream.&lt;init&gt;(FileInputStream.java:139)
	at java.base/java.io.FileInputStream.&lt;init&gt;(FileInputStream.java:109)
	at framework_core.EnvLoader.load(EnvLoader.java:15)
	... 25 more
... Removed 23 stack frames</div></td></tr></table><p class="totop"><a href="#summary">back to summary</a></p>
<h3 id="m34">regression.InboxRegressionTests#T27_bulkDeleteRestore</h3><table class="result"><tr><th>Exception</th></tr><tr><td><div class="stacktrace">java.lang.RuntimeException: Failed to laod env : qa
	at framework_core.EnvLoader.load(EnvLoader.java:21)
	at framework_core.BaseTest.setup(BaseTest.java:21)
	at java.base/java.util.ArrayList.forEach(ArrayList.java:1604)
Caused by: java.io.FileNotFoundException: \rediffmail-automation\src\test\resources\envqa.properties (The system cannot find the path specified)
	at java.base/java.io.FileInputStream.open0(Native Method)
	at java.base/java.io.FileInputStream.open(FileInputStream.java:185)
	at java.base/java.io.FileInputStream.&lt;init&gt;(FileInputStream.java:139)
	at java.base/java.io.FileInputStream.&lt;init&gt;(FileInputStream.java:109)
	at framework_core.EnvLoader.load(EnvLoader.java:15)
	... 25 more
... Removed 23 stack frames</div></td></tr></table><p class="totop"><a href="#summary">back to summary</a></p>
<h3 id="m35">regression.InboxRegressionTests#T28_folderCreateDelete</h3><table class="result"><tr><th>Exception</th></tr><tr><td><div class="stacktrace">java.lang.RuntimeException: Failed to laod env : qa
	at framework_core.EnvLoader.load(EnvLoader.java:21)
	at framework_core.BaseTest.setup(BaseTest.java:21)
	at java.base/java.util.ArrayList.forEach(ArrayList.java:1604)
Caused by: java.io.FileNotFoundException: \rediffmail-automation\src\test\resources\envqa.properties (The system cannot find the path specified)
	at java.base/java.io.FileInputStream.open0(Native Method)
	at java.base/java.io.FileInputStream.open(FileInputStream.java:185)
	at java.base/java.io.FileInputStream.&lt;init&gt;(FileInputStream.java:139)
	at java.base/java.io.FileInputStream.&lt;init&gt;(FileInputStream.java:109)
	at framework_core.EnvLoader.load(EnvLoader.java:15)
	... 25 more
... Removed 23 stack frames</div></td></tr></table><p class="totop"><a href="#summary">back to summary</a></p>
<h3 id="m36">regression.SystemRegressionTests#T32_sessionTimeout</h3><table class="result"><tr><th>Exception</th></tr><tr><td><div class="stacktrace">java.lang.RuntimeException: Failed to laod env : qa
	at framework_core.EnvLoader.load(EnvLoader.java:21)
	at framework_core.BaseTest.setup(BaseTest.java:21)
	at java.base/java.util.ArrayList.forEach(ArrayList.java:1604)
Caused by: java.io.FileNotFoundException: \rediffmail-automation\src\test\resources\envqa.properties (The system cannot find the path specified)
	at java.base/java.io.FileInputStream.open0(Native Method)
	at java.base/java.io.FileInputStream.open(FileInputStream.java:185)
	at java.base/java.io.FileInputStream.&lt;init&gt;(FileInputStream.java:139)
	at java.base/java.io.FileInputStream.&lt;init&gt;(FileInputStream.java:109)
	at framework_core.EnvLoader.load(EnvLoader.java:15)
	... 25 more
... Removed 23 stack frames</div></td></tr></table><p class="totop"><a href="#summary">back to summary</a></p>
<h3 id="m37">regression.SystemRegressionTests#T33_malwareBlock</h3><table class="result"><tr><th>Exception</th></tr><tr><td><div class="stacktrace">java.lang.RuntimeException: Failed to laod env : qa
	at framework_core.EnvLoader.load(EnvLoader.java:21)
	at framework_core.BaseTest.setup(BaseTest.java:21)
	at java.base/java.util.ArrayList.forEach(ArrayList.java:1604)
Caused by: java.io.FileNotFoundException: \rediffmail-automation\src\test\resources\envqa.properties (The system cannot find the path specified)
	at java.base/java.io.FileInputStream.open0(Native Method)
	at java.base/java.io.FileInputStream.open(FileInputStream.java:185)
	at java.base/java.io.FileInputStream.&lt;init&gt;(FileInputStream.java:139)
	at java.base/java.io.FileInputStream.&lt;init&gt;(FileInputStream.java:109)
	at framework_core.EnvLoader.load(EnvLoader.java:15)
	... 25 more
... Removed 23 stack frames</div></td></tr></table><p class="totop"><a href="#summary">back to summary</a></p>
<h3 id="m38">regression.SystemRegressionTests#T34_crossBrowserSmoke</h3><table class="result"><tr><th>Exception</th></tr><tr><td><div class="stacktrace">java.lang.RuntimeException: Failed to laod env : qa
	at framework_core.EnvLoader.load(EnvLoader.java:21)
	at framework_core.BaseTest.setup(BaseTest.java:21)
	at java.base/java.util.ArrayList.forEach(ArrayList.java:1604)
Caused by: java.io.FileNotFoundException: \rediffmail-automation\src\test\resources\envqa.properties (The system cannot find the path specified)
	at java.base/java.io.FileInputStream.open0(Native Method)
	at java.base/java.io.FileInputStream.open(FileInputStream.java:185)
	at java.base/java.io.FileInputStream.&lt;init&gt;(FileInputStream.java:139)
	at java.base/java.io.FileInputStream.&lt;init&gt;(FileInputStream.java:109)
	at framework_core.EnvLoader.load(EnvLoader.java:15)
	... 25 more
... Removed 23 stack frames</div></td></tr></table><p class="totop"><a href="#summary">back to summary</a></p>
<h3 id="m39">sanity.SanitySuite#T01_validLogin</h3><table class="result"><tr><th>Exception</th></tr><tr><td><div class="stacktrace">java.lang.RuntimeException: Failed to laod env : qa
	at framework_core.EnvLoader.load(EnvLoader.java:21)
	at framework_core.BaseTest.setup(BaseTest.java:21)
	at java.base/java.util.ArrayList.forEach(ArrayList.java:1604)
Caused by: java.io.FileNotFoundException: \rediffmail-automation\src\test\resources\envqa.properties (The system cannot find the path specified)
	at java.base/java.io.FileInputStream.open0(Native Method)
	at java.base/java.io.FileInputStream.open(FileInputStream.java:185)
	at java.base/java.io.FileInputStream.&lt;init&gt;(FileInputStream.java:139)
	at java.base/java.io.FileInputStream.&lt;init&gt;(FileInputStream.java:109)
	at framework_core.EnvLoader.load(EnvLoader.java:15)
	... 25 more
... Removed 23 stack frames</div></td></tr></table><p class="totop"><a href="#summary">back to summary</a></p>
<h3 id="m40">sanity.SanitySuite#T02_composeSendMinimal</h3><table class="result"><tr><th>Exception</th></tr><tr><td><div class="stacktrace">java.lang.RuntimeException: Failed to laod env : qa
	at framework_core.EnvLoader.load(EnvLoader.java:21)
	at framework_core.BaseTest.setup(BaseTest.java:21)
	at java.base/java.util.ArrayList.forEach(ArrayList.java:1604)
Caused by: java.io.FileNotFoundException: \rediffmail-automation\src\test\resources\envqa.properties (The system cannot find the path specified)
	at java.base/java.io.FileInputStream.open0(Native Method)
	at java.base/java.io.FileInputStream.open(FileInputStream.java:185)
	at java.base/java.io.FileInputStream.&lt;init&gt;(FileInputStream.java:139)
	at java.base/java.io.FileInputStream.&lt;init&gt;(FileInputStream.java:109)
	at framework_core.EnvLoader.load(EnvLoader.java:15)
	... 25 more
... Removed 23 stack frames</div></td></tr></table><p class="totop"><a href="#summary">back to summary</a></p>
<h3 id="m41">sanity.SanitySuite#T03_logout</h3><table class="result"><tr><th>Exception</th></tr><tr><td><div class="stacktrace">java.lang.RuntimeException: Failed to laod env : qa
	at framework_core.EnvLoader.load(EnvLoader.java:21)
	at framework_core.BaseTest.setup(BaseTest.java:21)
	at java.base/java.util.ArrayList.forEach(ArrayList.java:1604)
Caused by: java.io.FileNotFoundException: \rediffmail-automation\src\test\resources\envqa.properties (The system cannot find the path specified)
	at java.base/java.io.FileInputStream.open0(Native Method)
	at java.base/java.io.FileInputStream.open(FileInputStream.java:185)
	at java.base/java.io.FileInputStream.&lt;init&gt;(FileInputStream.java:139)
	at java.base/java.io.FileInputStream.&lt;init&gt;(FileInputStream.java:109)
	at framework_core.EnvLoader.load(EnvLoader.java:15)
	... 25 more
... Removed 23 stack frames</div></td></tr></table><p class="totop"><a href="#summary">back to summary</a></p>
<h3 id="m42">sanity.SanitySuite#T04_inboxLoad</h3><table class="result"><tr><th>Exception</th></tr><tr><td><div class="stacktrace">java.lang.RuntimeException: Failed to laod env : qa
	at framework_core.EnvLoader.load(EnvLoader.java:21)
	at framework_core.BaseTest.setup(BaseTest.java:21)
	at java.base/java.util.ArrayList.forEach(ArrayList.java:1604)
Caused by: java.io.FileNotFoundException: \rediffmail-automation\src\test\resources\envqa.properties (The system cannot find the path specified)
	at java.base/java.io.FileInputStream.open0(Native Method)
	at java.base/java.io.FileInputStream.open(FileInputStream.java:185)
	at java.base/java.io.FileInputStream.&lt;init&gt;(FileInputStream.java:139)
	at java.base/java.io.FileInputStream.&lt;init&gt;(FileInputStream.java:109)
	at framework_core.EnvLoader.load(EnvLoader.java:15)
	... 25 more
... Removed 23 stack frames</div></td></tr></table><p class="totop"><a href="#summary">back to summary</a></p>
<h3 id="m43">sanity.SanitySuite#T05_basicSearch</h3><table class="result"><tr><th>Exception</th></tr><tr><td><div class="stacktrace">java.lang.RuntimeException: Failed to laod env : qa
	at framework_core.EnvLoader.load(EnvLoader.java:21)
	at framework_core.BaseTest.setup(BaseTest.java:21)
	at java.base/java.util.ArrayList.forEach(ArrayList.java:1604)
Caused by: java.io.FileNotFoundException: \rediffmail-automation\src\test\resources\envqa.properties (The system cannot find the path specified)
	at java.base/java.io.FileInputStream.open0(Native Method)
	at java.base/java.io.FileInputStream.open(FileInputStream.java:185)
	at java.base/java.io.FileInputStream.&lt;init&gt;(FileInputStream.java:139)
	at java.base/java.io.FileInputStream.&lt;init&gt;(FileInputStream.java:109)
	at framework_core.EnvLoader.load(EnvLoader.java:15)
	... 25 more
... Removed 23 stack frames</div></td></tr></table><p class="totop"><a href="#summary">back to summary</a></p>
<h3 id="m44">sanity.SanitySuite#T06_openMail</h3><table class="result"><tr><th>Exception</th></tr><tr><td><div class="stacktrace">java.lang.RuntimeException: Failed to laod env : qa
	at framework_core.EnvLoader.load(EnvLoader.java:21)
	at framework_core.BaseTest.setup(BaseTest.java:21)
	at java.base/java.util.ArrayList.forEach(ArrayList.java:1604)
Caused by: java.io.FileNotFoundException: \rediffmail-automation\src\test\resources\envqa.properties (The system cannot find the path specified)
	at java.base/java.io.FileInputStream.open0(Native Method)
	at java.base/java.io.FileInputStream.open(FileInputStream.java:185)
	at java.base/java.io.FileInputStream.&lt;init&gt;(FileInputStream.java:139)
	at java.base/java.io.FileInputStream.&lt;init&gt;(FileInputStream.java:109)
	at framework_core.EnvLoader.load(EnvLoader.java:15)
	... 25 more
... Removed 23 stack frames</div></td></tr></table><p class="totop"><a href="#summary">back to summary</a></p>
<h3 id="m45">sanity.SanitySuite#T07_deleteMailToTrash</h3><table class="result"><tr><th>Exception</th></tr><tr><td><div class="stacktrace">java.lang.RuntimeException: Failed to laod env : qa
	at framework_core.EnvLoader.load(EnvLoader.java:21)
	at framework_core.BaseTest.setup(BaseTest.java:21)
	at java.base/java.util.ArrayList.forEach(ArrayList.java:1604)
Caused by: java.io.FileNotFoundException: \rediffmail-automation\src\test\resources\envqa.properties (The system cannot find the path specified)
	at java.base/java.io.FileInputStream.open0(Native Method)
	at java.base/java.io.FileInputStream.open(FileInputStream.java:185)
	at java.base/java.io.FileInputStream.&lt;init&gt;(FileInputStream.java:139)
	at java.base/java.io.FileInputStream.&lt;init&gt;(FileInputStream.java:109)
	at framework_core.EnvLoader.load(EnvLoader.java:15)
	... 25 more
... Removed 23 stack frames</div></td></tr></table><p class="totop"><a href="#summary">back to summary</a></p>
<h3 id="m46">sanity.SanitySuite#T08_draftSaveOnClose</h3><table class="result"><tr><th>Exception</th></tr><tr><td><div class="stacktrace">java.lang.RuntimeException: Failed to laod env : qa
	at framework_core.EnvLoader.load(EnvLoader.java:21)
	at framework_core.BaseTest.setup(BaseTest.java:21)
	at java.base/java.util.ArrayList.forEach(ArrayList.java:1604)
Caused by: java.io.FileNotFoundException: \rediffmail-automation\src\test\resources\envqa.properties (The system cannot find the path specified)
	at java.base/java.io.FileInputStream.open0(Native Method)
	at java.base/java.io.FileInputStream.open(FileInputStream.java:185)
	at java.base/java.io.FileInputStream.&lt;init&gt;(FileInputStream.java:139)
	at java.base/java.io.FileInputStream.&lt;init&gt;(FileInputStream.java:109)
	at framework_core.EnvLoader.load(EnvLoader.java:15)
	... 25 more
... Removed 23 stack frames</div></td></tr></table><p class="totop"><a href="#summary">back to summary</a></p>
</body>
</html>
