<!DOCTYPE html>

<html>
  <head>
  <meta charset='utf-8'>
  <title>TestNG reports</title>

    <link type="text/css" href="testng-reports1.css" rel="stylesheet" id="ultra" />
    <link type="text/css" href="testng-reports.css" rel="stylesheet" id="retro" disabled="false"/>
    <script type="text/javascript" src="jquery-3.6.0.min.js"></script>
    <script type="text/javascript" src="testng-reports.js"></script>
    <script type="text/javascript" src="https://www.google.com/jsapi"></script>
    <script type='text/javascript'>
      google.load('visualization', '1', {packages:['table']});
      google.setOnLoadCallback(drawTable);
      var suiteTableInitFunctions = new Array();
      var suiteTableData = new Array();
    </script>
    <!--
      <script type="text/javascript" src="jquery-ui/js/jquery-ui-1.8.16.custom.min.js"></script>
     -->
  </head>

  <body>    <div class="top-banner-root">
      <span class="top-banner-title-font">Test results</span>
      <button id="button" class="button">Switch Retro Theme</button> <!-- button -->
      <br/>
      <span class="top-banner-font-1">1 suite</span>
    </div> <!-- top-banner-root -->
    <div class="navigator-root">
      <div class="navigator-suite-header">
        <span>All suites</span>
        <a href="#" title="Collapse/expand all the suites" class="collapse-all-link">
          <img src="collapseall.gif" class="collapse-all-icon">
          </img> <!-- collapse-all-icon -->
        </a> <!-- collapse-all-link -->
      </div> <!-- navigator-suite-header -->
      <div class="suite">
        <div class="rounded-window">
          <div class="suite-header light-rounded-window-top">
            <a href="#" panel-name="suite-Suite" class="navigator-link">
              <span class="suite-name border-skipped">Suite</span>
            </a> <!-- navigator-link -->
          </div> <!-- suite-header light-rounded-window-top -->
          <div class="navigator-suite-content">
            <div class="suite-section-title">
              <span>Info</span>
            </div> <!-- suite-section-title -->
            <div class="suite-section-content">
              <ul>
                <li>
                  <a href="#" panel-name="test-xml-Suite" class="navigator-link ">
                    <span>C:\Users\akash\eclipse-workspace\rediffmail-automation\testng.xml</span>
                  </a> <!-- navigator-link  -->
                </li>
                <li>
                  <a href="#" panel-name="testlist-Suite" class="navigator-link ">
                    <span class="test-stats">1 test</span>
                  </a> <!-- navigator-link  -->
                </li>
                <li>
                  <a href="#" panel-name="group-Suite" class="navigator-link ">
                    <span>1 group</span>
                  </a> <!-- navigator-link  -->
                </li>
                <li>
                  <a href="#" panel-name="times-Suite" class="navigator-link ">
                    <span>Times</span>
                  </a> <!-- navigator-link  -->
                </li>
                <li>
                  <a href="#" panel-name="reporter-Suite" class="navigator-link ">
                    <span>Reporter output</span>
                  </a> <!-- navigator-link  -->
                </li>
                <li>
                  <a href="#" panel-name="ignored-methods-Suite" class="navigator-link ">
                    <span>Ignored methods</span>
                  </a> <!-- navigator-link  -->
                </li>
                <li>
                  <a href="#" panel-name="chronological-Suite" class="navigator-link ">
                    <span>Chronological view</span>
                  </a> <!-- navigator-link  -->
                </li>
              </ul>
            </div> <!-- suite-section-content -->
            <div class="result-section">
              <div class="suite-section-title">
                <span>Results</span>
              </div> <!-- suite-section-title -->
              <div class="suite-section-content">
                <ul>
                  <li>
                    <span class="method-stats">39 methods,  39 skipped,  </span>
                  </li>
                  <li>
                    <span class="method-list-title skipped">Skipped methods</span>
                    <span class="show-or-hide-methods skipped">
                      <a href="#" panel-name="suite-Suite" class="hide-methods skipped suite-Suite"> (hide)</a> <!-- hide-methods skipped suite-Suite -->
                      <a href="#" panel-name="suite-Suite" class="show-methods skipped suite-Suite"> (show)</a> <!-- show-methods skipped suite-Suite -->
                    </span>
                    <div class="method-list-content skipped suite-Suite">
                      <span>
                        <img src="skipped.png" width="3%"/>
                        <a href="#" panel-name="suite-Suite" title="sanity.SanitySuite" class="method navigator-link" hash-for-method="T01_validLogin">T01_validLogin</a> <!-- method navigator-link -->
                      </span>
                      <br/>
                      <span>
                        <img src="skipped.png" width="3%"/>
                        <a href="#" panel-name="suite-Suite" title="sanity.SanitySuite" class="method navigator-link" hash-for-method="T02_composeSendMinimal">T02_composeSendMinimal</a> <!-- method navigator-link -->
                      </span>
                      <br/>
                      <span>
                        <img src="skipped.png" width="3%"/>
                        <a href="#" panel-name="suite-Suite" title="sanity.SanitySuite" class="method navigator-link" hash-for-method="T03_logout">T03_logout</a> <!-- method navigator-link -->
                      </span>
                      <br/>
                      <span>
                        <img src="skipped.png" width="3%"/>
                        <a href="#" panel-name="suite-Suite" title="sanity.SanitySuite" class="method navigator-link" hash-for-method="T04_inboxLoad">T04_inboxLoad</a> <!-- method navigator-link -->
                      </span>
                      <br/>
                      <span>
                        <img src="skipped.png" width="3%"/>
                        <a href="#" panel-name="suite-Suite" title="sanity.SanitySuite" class="method navigator-link" hash-for-method="T05_basicSearch">T05_basicSearch</a> <!-- method navigator-link -->
                      </span>
                      <br/>
                      <span>
                        <img src="skipped.png" width="3%"/>
                        <a href="#" panel-name="suite-Suite" title="sanity.SanitySuite" class="method navigator-link" hash-for-method="T06_openMail">T06_openMail</a> <!-- method navigator-link -->
                      </span>
                      <br/>
                      <span>
                        <img src="skipped.png" width="3%"/>
                        <a href="#" panel-name="suite-Suite" title="sanity.SanitySuite" class="method navigator-link" hash-for-method="T07_deleteMailToTrash">T07_deleteMailToTrash</a> <!-- method navigator-link -->
                      </span>
                      <br/>
                      <span>
                        <img src="skipped.png" width="3%"/>
                        <a href="#" panel-name="suite-Suite" title="sanity.SanitySuite" class="method navigator-link" hash-for-method="T08_draftSaveOnClose">T08_draftSaveOnClose</a> <!-- method navigator-link -->
                      </span>
                      <br/>
                      <span>
                        <img src="skipped.png" width="3%"/>
                        <a href="#" panel-name="suite-Suite" title="functional.LoginFunctionalTests" class="method navigator-link" hash-for-method="T09_invalidLogin(user@rediffmail.com, )">T09_invalidLogin(user@rediffmail.com, )</a> <!-- method navigator-link -->
                      </span>
                      <br/>
                      <span>
                        <img src="skipped.png" width="3%"/>
                        <a href="#" panel-name="suite-Suite" title="functional.LoginFunctionalTests" class="method navigator-link" hash-for-method="T09_invalidLogin(user@rediffmail.com, wrongpass)">T09_invalidLogin(user@rediffmail.com, wrongpass)</a> <!-- method navigator-link -->
                      </span>
                      <br/>
                      <span>
                        <img src="skipped.png" width="3%"/>
                        <a href="#" panel-name="suite-Suite" title="functional.LoginFunctionalTests" class="method navigator-link" hash-for-method="T09_invalidLogin(invalid@@mail.com, pass123)">T09_invalidLogin(invalid@@mail.com, pass123)</a> <!-- method navigator-link -->
                      </span>
                      <br/>
                      <span>
                        <img src="skipped.png" width="3%"/>
                        <a href="#" panel-name="suite-Suite" title="functional.LoginFunctionalTests" class="method navigator-link" hash-for-method="T09_invalidLogin(, somepass)">T09_invalidLogin(, somepass)</a> <!-- method navigator-link -->
                      </span>
                      <br/>
                      <span>
                        <img src="skipped.png" width="3%"/>
                        <a href="#" panel-name="suite-Suite" title="functional.LoginFunctionalTests" class="method navigator-link" hash-for-method="T10_passwordMasked">T10_passwordMasked</a> <!-- method navigator-link -->
                      </span>
                      <br/>
                      <span>
                        <img src="skipped.png" width="3%"/>
                        <a href="#" panel-name="suite-Suite" title="functional.LoginFunctionalTests" class="method navigator-link" hash-for-method="T11_successLogin">T11_successLogin</a> <!-- method navigator-link -->
                      </span>
                      <br/>
                      <span>
                        <img src="skipped.png" width="3%"/>
                        <a href="#" panel-name="suite-Suite" title="functional.ComposeFunctionalTests" class="method navigator-link" hash-for-method="T12_sendWithCcBcc">T12_sendWithCcBcc</a> <!-- method navigator-link -->
                      </span>
                      <br/>
                      <span>
                        <img src="skipped.png" width="3%"/>
                        <a href="#" panel-name="suite-Suite" title="functional.ComposeFunctionalTests" class="method navigator-link" hash-for-method="T13_attachmentUpload(src/test/resources/data/sample.pdf, true)">T13_attachmentUpload(src/test/resources/data/sample.pdf, true)</a> <!-- method navigator-link -->
                      </span>
                      <br/>
                      <span>
                        <img src="skipped.png" width="3%"/>
                        <a href="#" panel-name="suite-Suite" title="functional.ComposeFunctionalTests" class="method navigator-link" hash-for-method="T13_attachmentUpload(src/test/resources/data/large.zip, false)">T13_attachmentUpload(src/test/resources/data/large.zip, false)</a> <!-- method navigator-link -->
                      </span>
                      <br/>
                      <span>
                        <img src="skipped.png" width="3%"/>
                        <a href="#" panel-name="suite-Suite" title="functional.ComposeFunctionalTests" class="method navigator-link" hash-for-method="T13_attachmentUpload(src/test/resources/data/eicar.txt, false)">T13_attachmentUpload(src/test/resources/data/eicar.txt, false)</a> <!-- method navigator-link -->
                      </span>
                      <br/>
                      <span>
                        <img src="skipped.png" width="3%"/>
                        <a href="#" panel-name="suite-Suite" title="functional.ComposeFunctionalTests" class="method navigator-link" hash-for-method="T14_largeAttachmentNegative">T14_largeAttachmentNegative</a> <!-- method navigator-link -->
                      </span>
                      <br/>
                      <span>
                        <img src="skipped.png" width="3%"/>
                        <a href="#" panel-name="suite-Suite" title="functional.ComposeFunctionalTests" class="method navigator-link" hash-for-method="T15_richTextFormatting">T15_richTextFormatting</a> <!-- method navigator-link -->
                      </span>
                      <br/>
                      <span>
                        <img src="skipped.png" width="3%"/>
                        <a href="#" panel-name="suite-Suite" title="functional.ComposeFunctionalTests" class="method navigator-link" hash-for-method="T16_markReadUnread">T16_markReadUnread</a> <!-- method navigator-link -->
                      </span>
                      <br/>
                      <span>
                        <img src="skipped.png" width="3%"/>
                        <a href="#" panel-name="suite-Suite" title="functional.ComposeFunctionalTests" class="method navigator-link" hash-for-method="T17_moveMailToFolder">T17_moveMailToFolder</a> <!-- method navigator-link -->
                      </span>
                      <br/>
                      <span>
                        <img src="skipped.png" width="3%"/>
                        <a href="#" panel-name="suite-Suite" title="functional.ComposeFunctionalTests" class="method navigator-link" hash-for-method="T18_draftAutoSave">T18_draftAutoSave</a> <!-- method navigator-link -->
                      </span>
                      <br/>
                      <span>
                        <img src="skipped.png" width="3%"/>
                        <a href="#" panel-name="suite-Suite" title="functional.ComposeFunctionalTests" class="method navigator-link" hash-for-method="T19_invalidRecipientNegative">T19_invalidRecipientNegative</a> <!-- method navigator-link -->
                      </span>
                      <br/>
                      <span>
                        <img src="skipped.png" width="3%"/>
                        <a href="#" panel-name="suite-Suite" title="functional.SearchFunctionalTests" class="method navigator-link" hash-for-method="T20_searchKeyword">T20_searchKeyword</a> <!-- method navigator-link -->
                      </span>
                      <br/>
                      <span>
                        <img src="skipped.png" width="3%"/>
                        <a href="#" panel-name="suite-Suite" title="functional.SearchFunctionalTests" class="method navigator-link" hash-for-method="T21_searchBySender">T21_searchBySender</a> <!-- method navigator-link -->
                      </span>
                      <br/>
                      <span>
                        <img src="skipped.png" width="3%"/>
                        <a href="#" panel-name="suite-Suite" title="functional.SearchFunctionalTests" class="method navigator-link" hash-for-method="T22_searchByDateRange">T22_searchByDateRange</a> <!-- method navigator-link -->
                      </span>
                      <br/>
                      <span>
                        <img src="skipped.png" width="3%"/>
                        <a href="#" panel-name="suite-Suite" title="functional.SettingsFunctionalTests" class="method navigator-link" hash-for-method="T23_updateSignature">T23_updateSignature</a> <!-- method navigator-link -->
                      </span>
                      <br/>
                      <span>
                        <img src="skipped.png" width="3%"/>
                        <a href="#" panel-name="suite-Suite" title="functional.SettingsFunctionalTests" class="method navigator-link" hash-for-method="T24_enableVacationAutoReply">T24_enableVacationAutoReply</a> <!-- method navigator-link -->
                      </span>
                      <br/>
                      <span>
                        <img src="skipped.png" width="3%"/>
                        <a href="#" panel-name="suite-Suite" title="regression.InboxRegressionTests" class="method navigator-link" hash-for-method="T25_multiLoginLogout">T25_multiLoginLogout</a> <!-- method navigator-link -->
                      </span>
                      <br/>
                      <span>
                        <img src="skipped.png" width="3%"/>
                        <a href="#" panel-name="suite-Suite" title="regression.InboxRegressionTests" class="method navigator-link" hash-for-method="T26_paginationNavigation">T26_paginationNavigation</a> <!-- method navigator-link -->
                      </span>
                      <br/>
                      <span>
                        <img src="skipped.png" width="3%"/>
                        <a href="#" panel-name="suite-Suite" title="regression.InboxRegressionTests" class="method navigator-link" hash-for-method="T27_bulkDeleteRestore">T27_bulkDeleteRestore</a> <!-- method navigator-link -->
                      </span>
                      <br/>
                      <span>
                        <img src="skipped.png" width="3%"/>
                        <a href="#" panel-name="suite-Suite" title="regression.InboxRegressionTests" class="method navigator-link" hash-for-method="T28_folderCreateDelete">T28_folderCreateDelete</a> <!-- method navigator-link -->
                      </span>
                      <br/>
                      <span>
                        <img src="skipped.png" width="3%"/>
                        <a href="#" panel-name="suite-Suite" title="regression.ComposeRegressionTests" class="method navigator-link" hash-for-method="T29_composeAutosaveIdle">T29_composeAutosaveIdle</a> <!-- method navigator-link -->
                      </span>
                      <br/>
                      <span>
                        <img src="skipped.png" width="3%"/>
                        <a href="#" panel-name="suite-Suite" title="regression.ComposeRegressionTests" class="method navigator-link" hash-for-method="T30_sendThrottle">T30_sendThrottle</a> <!-- method navigator-link -->
                      </span>
                      <br/>
                      <span>
                        <img src="skipped.png" width="3%"/>
                        <a href="#" panel-name="suite-Suite" title="regression.ComposeRegressionTests" class="method navigator-link" hash-for-method="T31_internationalization">T31_internationalization</a> <!-- method navigator-link -->
                      </span>
                      <br/>
                      <span>
                        <img src="skipped.png" width="3%"/>
                        <a href="#" panel-name="suite-Suite" title="regression.SystemRegressionTests" class="method navigator-link" hash-for-method="T32_sessionTimeout">T32_sessionTimeout</a> <!-- method navigator-link -->
                      </span>
                      <br/>
                      <span>
                        <img src="skipped.png" width="3%"/>
                        <a href="#" panel-name="suite-Suite" title="regression.SystemRegressionTests" class="method navigator-link" hash-for-method="T33_malwareBlock">T33_malwareBlock</a> <!-- method navigator-link -->
                      </span>
                      <br/>
                      <span>
                        <img src="skipped.png" width="3%"/>
                        <a href="#" panel-name="suite-Suite" title="regression.SystemRegressionTests" class="method navigator-link" hash-for-method="T34_crossBrowserSmoke">T34_crossBrowserSmoke</a> <!-- method navigator-link -->
                      </span>
                      <br/>
                    </div> <!-- method-list-content skipped suite-Suite -->
                  </li>
                </ul>
              </div> <!-- suite-section-content -->
            </div> <!-- result-section -->
          </div> <!-- navigator-suite-content -->
        </div> <!-- rounded-window -->
      </div> <!-- suite -->
    </div> <!-- navigator-root -->
    <div class="wrapper">
      <div class="main-panel-root">
        <div panel-name="suite-Suite" class="panel Suite">
          <div class="suite-Suite-class-skipped">
            <div class="main-panel-header rounded-window-top">
              <img src="skipped.png"/>
              <span class="class-name">regression.InboxRegressionTests</span>
            </div> <!-- main-panel-header rounded-window-top -->
            <div class="main-panel-content rounded-window-bottom">
              <div class="method">
                <div class="method-content">
                  <a name="T25_multiLoginLogout">
                  </a> <!-- T25_multiLoginLogout -->
                  <span class="method-name">T25_multiLoginLogout</span>
                  <div class="stack-trace">java.lang.RuntimeException: Failed to laod env : qa
	at framework_core.EnvLoader.load(EnvLoader.java:21)
	at framework_core.BaseTest.setup(BaseTest.java:21)
	at java.base/java.util.ArrayList.forEach(ArrayList.java:1604)
Caused by: java.io.FileNotFoundException: \rediffmail-automation\src\test\resources\envqa.properties (The system cannot find the path specified)
	at java.base/java.io.FileInputStream.open0(Native Method)
	at java.base/java.io.FileInputStream.open(FileInputStream.java:185)
	at java.base/java.io.FileInputStream.&lt;init&gt;(FileInputStream.java:139)
	at java.base/java.io.FileInputStream.&lt;init&gt;(FileInputStream.java:109)
	at framework_core.EnvLoader.load(EnvLoader.java:15)
	... 25 more
... Removed 23 stack frames
</div> <!-- stack-trace -->
                  <em>
(Regression: Multiple login/logout cycles)                  </em>
                </div> <!-- method-content -->
              </div> <!-- method -->
              <div class="method">
                <div class="method-content">
                  <a name="T26_paginationNavigation">
                  </a> <!-- T26_paginationNavigation -->
                  <span class="method-name">T26_paginationNavigation</span>
                  <div class="stack-trace">java.lang.RuntimeException: Failed to laod env : qa
	at framework_core.EnvLoader.load(EnvLoader.java:21)
	at framework_core.BaseTest.setup(BaseTest.java:21)
	at java.base/java.util.ArrayList.forEach(ArrayList.java:1604)
Caused by: java.io.FileNotFoundException: \rediffmail-automation\src\test\resources\envqa.properties (The system cannot find the path specified)
	at java.base/java.io.FileInputStream.open0(Native Method)
	at java.base/java.io.FileInputStream.open(FileInputStream.java:185)
	at java.base/java.io.FileInputStream.&lt;init&gt;(FileInputStream.java:139)
	at java.base/java.io.FileInputStream.&lt;init&gt;(FileInputStream.java:109)
	at framework_core.EnvLoader.load(EnvLoader.java:15)
	... 25 more
... Removed 23 stack frames
</div> <!-- stack-trace -->
                  <em>
(Regression: Pagination deep navigation)                  </em>
                </div> <!-- method-content -->
              </div> <!-- method -->
              <div class="method">
                <div class="method-content">
                  <a name="T27_bulkDeleteRestore">
                  </a> <!-- T27_bulkDeleteRestore -->
                  <span class="method-name">T27_bulkDeleteRestore</span>
                  <div class="stack-trace">java.lang.RuntimeException: Failed to laod env : qa
	at framework_core.EnvLoader.load(EnvLoader.java:21)
	at framework_core.BaseTest.setup(BaseTest.java:21)
	at java.base/java.util.ArrayList.forEach(ArrayList.java:1604)
Caused by: java.io.FileNotFoundException: \rediffmail-automation\src\test\resources\envqa.properties (The system cannot find the path specified)
	at java.base/java.io.FileInputStream.open0(Native Method)
	at java.base/java.io.FileInputStream.open(FileInputStream.java:185)
	at java.base/java.io.FileInputStream.&lt;init&gt;(FileInputStream.java:139)
	at java.base/java.io.FileInputStream.&lt;init&gt;(FileInputStream.java:109)
	at framework_core.EnvLoader.load(EnvLoader.java:15)
	... 25 more
... Removed 23 stack frames
</div> <!-- stack-trace -->
                  <em>
(Regression: Bulk delete and restore)                  </em>
                </div> <!-- method-content -->
              </div> <!-- method -->
              <div class="method">
                <div class="method-content">
                  <a name="T28_folderCreateDelete">
                  </a> <!-- T28_folderCreateDelete -->
                  <span class="method-name">T28_folderCreateDelete</span>
                  <div class="stack-trace">java.lang.RuntimeException: Failed to laod env : qa
	at framework_core.EnvLoader.load(EnvLoader.java:21)
	at framework_core.BaseTest.setup(BaseTest.java:21)
	at java.base/java.util.ArrayList.forEach(ArrayList.java:1604)
Caused by: java.io.FileNotFoundException: \rediffmail-automation\src\test\resources\envqa.properties (The system cannot find the path specified)
	at java.base/java.io.FileInputStream.open0(Native Method)
	at java.base/java.io.FileInputStream.open(FileInputStream.java:185)
	at java.base/java.io.FileInputStream.&lt;init&gt;(FileInputStream.java:139)
	at java.base/java.io.FileInputStream.&lt;init&gt;(FileInputStream.java:109)
	at framework_core.EnvLoader.load(EnvLoader.java:15)
	... 25 more
... Removed 23 stack frames
</div> <!-- stack-trace -->
                  <em>
(Regression: Folder creation and deletion)                  </em>
                </div> <!-- method-content -->
              </div> <!-- method -->
            </div> <!-- main-panel-content rounded-window-bottom -->
          </div> <!-- suite-Suite-class-skipped -->
          <div class="suite-Suite-class-skipped">
            <div class="main-panel-header rounded-window-top">
              <img src="skipped.png"/>
              <span class="class-name">regression.ComposeRegressionTests</span>
            </div> <!-- main-panel-header rounded-window-top -->
            <div class="main-panel-content rounded-window-bottom">
              <div class="method">
                <div class="method-content">
                  <a name="T29_composeAutosaveIdle">
                  </a> <!-- T29_composeAutosaveIdle -->
                  <span class="method-name">T29_composeAutosaveIdle</span>
                  <div class="stack-trace">java.lang.RuntimeException: Failed to laod env : qa
	at framework_core.EnvLoader.load(EnvLoader.java:21)
	at framework_core.BaseTest.setup(BaseTest.java:21)
	at java.base/java.util.ArrayList.forEach(ArrayList.java:1604)
Caused by: java.io.FileNotFoundException: \rediffmail-automation\src\test\resources\envqa.properties (The system cannot find the path specified)
	at java.base/java.io.FileInputStream.open0(Native Method)
	at java.base/java.io.FileInputStream.open(FileInputStream.java:185)
	at java.base/java.io.FileInputStream.&lt;init&gt;(FileInputStream.java:139)
	at java.base/java.io.FileInputStream.&lt;init&gt;(FileInputStream.java:109)
	at framework_core.EnvLoader.load(EnvLoader.java:15)
	... 25 more
... Removed 23 stack frames
</div> <!-- stack-trace -->
                  <em>
(Regression: Compose autosave after idle)                  </em>
                </div> <!-- method-content -->
              </div> <!-- method -->
              <div class="method">
                <div class="method-content">
                  <a name="T30_sendThrottle">
                  </a> <!-- T30_sendThrottle -->
                  <span class="method-name">T30_sendThrottle</span>
                  <div class="stack-trace">java.lang.RuntimeException: Failed to laod env : qa
	at framework_core.EnvLoader.load(EnvLoader.java:21)
	at framework_core.BaseTest.setup(BaseTest.java:21)
	at java.base/java.util.ArrayList.forEach(ArrayList.java:1604)
Caused by: java.io.FileNotFoundException: \rediffmail-automation\src\test\resources\envqa.properties (The system cannot find the path specified)
	at java.base/java.io.FileInputStream.open0(Native Method)
	at java.base/java.io.FileInputStream.open(FileInputStream.java:185)
	at java.base/java.io.FileInputStream.&lt;init&gt;(FileInputStream.java:139)
	at java.base/java.io.FileInputStream.&lt;init&gt;(FileInputStream.java:109)
	at framework_core.EnvLoader.load(EnvLoader.java:15)
	... 25 more
... Removed 23 stack frames
</div> <!-- stack-trace -->
                  <em>
(Regression: Send rate-limiting or throttle behavior)                  </em>
                </div> <!-- method-content -->
              </div> <!-- method -->
              <div class="method">
                <div class="method-content">
                  <a name="T31_internationalization">
                  </a> <!-- T31_internationalization -->
                  <span class="method-name">T31_internationalization</span>
                  <div class="stack-trace">java.lang.RuntimeException: Failed to laod env : qa
	at framework_core.EnvLoader.load(EnvLoader.java:21)
	at framework_core.BaseTest.setup(BaseTest.java:21)
	at java.base/java.util.ArrayList.forEach(ArrayList.java:1604)
Caused by: java.io.FileNotFoundException: \rediffmail-automation\src\test\resources\envqa.properties (The system cannot find the path specified)
	at java.base/java.io.FileInputStream.open0(Native Method)
	at java.base/java.io.FileInputStream.open(FileInputStream.java:185)
	at java.base/java.io.FileInputStream.&lt;init&gt;(FileInputStream.java:139)
	at java.base/java.io.FileInputStream.&lt;init&gt;(FileInputStream.java:109)
	at framework_core.EnvLoader.load(EnvLoader.java:15)
	... 25 more
... Removed 23 stack frames
</div> <!-- stack-trace -->
                  <em>
(Regression: Internationalization in subject/body)                  </em>
                </div> <!-- method-content -->
              </div> <!-- method -->
            </div> <!-- main-panel-content rounded-window-bottom -->
          </div> <!-- suite-Suite-class-skipped -->
          <div class="suite-Suite-class-skipped">
            <div class="main-panel-header rounded-window-top">
              <img src="skipped.png"/>
              <span class="class-name">functional.LoginFunctionalTests</span>
            </div> <!-- main-panel-header rounded-window-top -->
            <div class="main-panel-content rounded-window-bottom">
              <div class="method">
                <div class="method-content">
                  <a name="T09_invalidLogin(user@rediffmail.com, )">
                  </a> <!-- T09_invalidLogin(user@rediffmail.com, ) -->
                  <span class="method-name">T09_invalidLogin</span>
                  <span class="parameters">(user@rediffmail.com,)</span>
                  <div class="stack-trace">java.lang.RuntimeException: Failed to laod env : qa
	at framework_core.EnvLoader.load(EnvLoader.java:21)
	at framework_core.BaseTest.setup(BaseTest.java:21)
	at java.base/java.util.ArrayList.forEach(ArrayList.java:1604)
Caused by: java.io.FileNotFoundException: \rediffmail-automation\src\test\resources\envqa.properties (The system cannot find the path specified)
	at java.base/java.io.FileInputStream.open0(Native Method)
	at java.base/java.io.FileInputStream.open(FileInputStream.java:185)
	at java.base/java.io.FileInputStream.&lt;init&gt;(FileInputStream.java:139)
	at java.base/java.io.FileInputStream.&lt;init&gt;(FileInputStream.java:109)
	at framework_core.EnvLoader.load(EnvLoader.java:15)
	... 25 more
... Removed 23 stack frames
</div> <!-- stack-trace -->
                  <em>
(Functional: Invalid login shows error)                  </em>
                </div> <!-- method-content -->
              </div> <!-- method -->
              <div class="method">
                <div class="method-content">
                  <a name="T09_invalidLogin(user@rediffmail.com, wrongpass)">
                  </a> <!-- T09_invalidLogin(user@rediffmail.com, wrongpass) -->
                  <span class="method-name">T09_invalidLogin</span>
                  <span class="parameters">(user@rediffmail.com,wrongpass)</span>
                  <div class="stack-trace">java.lang.RuntimeException: Failed to laod env : qa
	at framework_core.EnvLoader.load(EnvLoader.java:21)
	at framework_core.BaseTest.setup(BaseTest.java:21)
	at java.base/java.util.ArrayList.forEach(ArrayList.java:1604)
Caused by: java.io.FileNotFoundException: \rediffmail-automation\src\test\resources\envqa.properties (The system cannot find the path specified)
	at java.base/java.io.FileInputStream.open0(Native Method)
	at java.base/java.io.FileInputStream.open(FileInputStream.java:185)
	at java.base/java.io.FileInputStream.&lt;init&gt;(FileInputStream.java:139)
	at java.base/java.io.FileInputStream.&lt;init&gt;(FileInputStream.java:109)
	at framework_core.EnvLoader.load(EnvLoader.java:15)
	... 25 more
... Removed 23 stack frames
</div> <!-- stack-trace -->
                  <em>
(Functional: Invalid login shows error)                  </em>
                </div> <!-- method-content -->
              </div> <!-- method -->
              <div class="method">
                <div class="method-content">
                  <a name="T09_invalidLogin(invalid@@mail.com, pass123)">
                  </a> <!-- T09_invalidLogin(invalid@@mail.com, pass123) -->
                  <span class="method-name">T09_invalidLogin</span>
                  <span class="parameters">(invalid@@mail.com,pass123)</span>
                  <div class="stack-trace">java.lang.RuntimeException: Failed to laod env : qa
	at framework_core.EnvLoader.load(EnvLoader.java:21)
	at framework_core.BaseTest.setup(BaseTest.java:21)
	at java.base/java.util.ArrayList.forEach(ArrayList.java:1604)
Caused by: java.io.FileNotFoundException: \rediffmail-automation\src\test\resources\envqa.properties (The system cannot find the path specified)
	at java.base/java.io.FileInputStream.open0(Native Method)
	at java.base/java.io.FileInputStream.open(FileInputStream.java:185)
	at java.base/java.io.FileInputStream.&lt;init&gt;(FileInputStream.java:139)
	at java.base/java.io.FileInputStream.&lt;init&gt;(FileInputStream.java:109)
	at framework_core.EnvLoader.load(EnvLoader.java:15)
	... 25 more
... Removed 23 stack frames
</div> <!-- stack-trace -->
                  <em>
(Functional: Invalid login shows error)                  </em>
                </div> <!-- method-content -->
              </div> <!-- method -->
              <div class="method">
                <div class="method-content">
                  <a name="T09_invalidLogin(, somepass)">
                  </a> <!-- T09_invalidLogin(, somepass) -->
                  <span class="method-name">T09_invalidLogin</span>
                  <span class="parameters">(,somepass)</span>
                  <div class="stack-trace">java.lang.RuntimeException: Failed to laod env : qa
	at framework_core.EnvLoader.load(EnvLoader.java:21)
	at framework_core.BaseTest.setup(BaseTest.java:21)
	at java.base/java.util.ArrayList.forEach(ArrayList.java:1604)
Caused by: java.io.FileNotFoundException: \rediffmail-automation\src\test\resources\envqa.properties (The system cannot find the path specified)
	at java.base/java.io.FileInputStream.open0(Native Method)
	at java.base/java.io.FileInputStream.open(FileInputStream.java:185)
	at java.base/java.io.FileInputStream.&lt;init&gt;(FileInputStream.java:139)
	at java.base/java.io.FileInputStream.&lt;init&gt;(FileInputStream.java:109)
	at framework_core.EnvLoader.load(EnvLoader.java:15)
	... 25 more
... Removed 23 stack frames
</div> <!-- stack-trace -->
                  <em>
(Functional: Invalid login shows error)                  </em>
                </div> <!-- method-content -->
              </div> <!-- method -->
              <div class="method">
                <div class="method-content">
                  <a name="T10_passwordMasked">
                  </a> <!-- T10_passwordMasked -->
                  <span class="method-name">T10_passwordMasked</span>
                  <div class="stack-trace">java.lang.RuntimeException: Failed to laod env : qa
	at framework_core.EnvLoader.load(EnvLoader.java:21)
	at framework_core.BaseTest.setup(BaseTest.java:21)
	at java.base/java.util.ArrayList.forEach(ArrayList.java:1604)
Caused by: java.io.FileNotFoundException: \rediffmail-automation\src\test\resources\envqa.properties (The system cannot find the path specified)
	at java.base/java.io.FileInputStream.open0(Native Method)
	at java.base/java.io.FileInputStream.open(FileInputStream.java:185)
	at java.base/java.io.FileInputStream.&lt;init&gt;(FileInputStream.java:139)
	at java.base/java.io.FileInputStream.&lt;init&gt;(FileInputStream.java:109)
	at framework_core.EnvLoader.load(EnvLoader.java:15)
	... 25 more
... Removed 23 stack frames
</div> <!-- stack-trace -->
                  <em>
(Functional: Password field masked)                  </em>
                </div> <!-- method-content -->
              </div> <!-- method -->
              <div class="method">
                <div class="method-content">
                  <a name="T11_successLogin">
                  </a> <!-- T11_successLogin -->
                  <span class="method-name">T11_successLogin</span>
                  <div class="stack-trace">java.lang.RuntimeException: Failed to laod env : qa
	at framework_core.EnvLoader.load(EnvLoader.java:21)
	at framework_core.BaseTest.setup(BaseTest.java:21)
	at java.base/java.util.ArrayList.forEach(ArrayList.java:1604)
Caused by: java.io.FileNotFoundException: \rediffmail-automation\src\test\resources\envqa.properties (The system cannot find the path specified)
	at java.base/java.io.FileInputStream.open0(Native Method)
	at java.base/java.io.FileInputStream.open(FileInputStream.java:185)
	at java.base/java.io.FileInputStream.&lt;init&gt;(FileInputStream.java:139)
	at java.base/java.io.FileInputStream.&lt;init&gt;(FileInputStream.java:109)
	at framework_core.EnvLoader.load(EnvLoader.java:15)
	... 25 more
... Removed 23 stack frames
</div> <!-- stack-trace -->
                  <em>
(Functional: Successful login)                  </em>
                </div> <!-- method-content -->
              </div> <!-- method -->
            </div> <!-- main-panel-content rounded-window-bottom -->
          </div> <!-- suite-Suite-class-skipped -->
          <div class="suite-Suite-class-skipped">
            <div class="main-panel-header rounded-window-top">
              <img src="skipped.png"/>
              <span class="class-name">functional.ComposeFunctionalTests</span>
            </div> <!-- main-panel-header rounded-window-top -->
            <div class="main-panel-content rounded-window-bottom">
              <div class="method">
                <div class="method-content">
                  <a name="T12_sendWithCcBcc">
                  </a> <!-- T12_sendWithCcBcc -->
                  <span class="method-name">T12_sendWithCcBcc</span>
                  <div class="stack-trace">java.lang.RuntimeException: Failed to laod env : qa
	at framework_core.EnvLoader.load(EnvLoader.java:21)
	at framework_core.BaseTest.setup(BaseTest.java:21)
	at java.base/java.util.ArrayList.forEach(ArrayList.java:1604)
Caused by: java.io.FileNotFoundException: \rediffmail-automation\src\test\resources\envqa.properties (The system cannot find the path specified)
	at java.base/java.io.FileInputStream.open0(Native Method)
	at java.base/java.io.FileInputStream.open(FileInputStream.java:185)
	at java.base/java.io.FileInputStream.&lt;init&gt;(FileInputStream.java:139)
	at java.base/java.io.FileInputStream.&lt;init&gt;(FileInputStream.java:109)
	at framework_core.EnvLoader.load(EnvLoader.java:15)
	... 25 more
... Removed 23 stack frames
</div> <!-- stack-trace -->
                  <em>
(Functional: Send mail with CC and BCC)                  </em>
                </div> <!-- method-content -->
              </div> <!-- method -->
              <div class="method">
                <div class="method-content">
                  <a name="T13_attachmentUpload(src/test/resources/data/sample.pdf, true)">
                  </a> <!-- T13_attachmentUpload(src/test/resources/data/sample.pdf, true) -->
                  <span class="method-name">T13_attachmentUpload</span>
                  <span class="parameters">(src/test/resources/data/sample.pdf,true)</span>
                  <div class="stack-trace">java.lang.RuntimeException: Failed to laod env : qa
	at framework_core.EnvLoader.load(EnvLoader.java:21)
	at framework_core.BaseTest.setup(BaseTest.java:21)
	at java.base/java.util.ArrayList.forEach(ArrayList.java:1604)
Caused by: java.io.FileNotFoundException: \rediffmail-automation\src\test\resources\envqa.properties (The system cannot find the path specified)
	at java.base/java.io.FileInputStream.open0(Native Method)
	at java.base/java.io.FileInputStream.open(FileInputStream.java:185)
	at java.base/java.io.FileInputStream.&lt;init&gt;(FileInputStream.java:139)
	at java.base/java.io.FileInputStream.&lt;init&gt;(FileInputStream.java:109)
	at framework_core.EnvLoader.load(EnvLoader.java:15)
	... 25 more
... Removed 23 stack frames
</div> <!-- stack-trace -->
                  <em>
(Functional: Attachment upload small file)                  </em>
                </div> <!-- method-content -->
              </div> <!-- method -->
              <div class="method">
                <div class="method-content">
                  <a name="T13_attachmentUpload(src/test/resources/data/large.zip, false)">
                  </a> <!-- T13_attachmentUpload(src/test/resources/data/large.zip, false) -->
                  <span class="method-name">T13_attachmentUpload</span>
                  <span class="parameters">(src/test/resources/data/large.zip,false)</span>
                  <div class="stack-trace">java.lang.RuntimeException: Failed to laod env : qa
	at framework_core.EnvLoader.load(EnvLoader.java:21)
	at framework_core.BaseTest.setup(BaseTest.java:21)
	at java.base/java.util.ArrayList.forEach(ArrayList.java:1604)
Caused by: java.io.FileNotFoundException: \rediffmail-automation\src\test\resources\envqa.properties (The system cannot find the path specified)
	at java.base/java.io.FileInputStream.open0(Native Method)
	at java.base/java.io.FileInputStream.open(FileInputStream.java:185)
	at java.base/java.io.FileInputStream.&lt;init&gt;(FileInputStream.java:139)
	at java.base/java.io.FileInputStream.&lt;init&gt;(FileInputStream.java:109)
	at framework_core.EnvLoader.load(EnvLoader.java:15)
	... 25 more
... Removed 23 stack frames
</div> <!-- stack-trace -->
                  <em>
(Functional: Attachment upload small file)                  </em>
                </div> <!-- method-content -->
              </div> <!-- method -->
              <div class="method">
                <div class="method-content">
                  <a name="T13_attachmentUpload(src/test/resources/data/eicar.txt, false)">
                  </a> <!-- T13_attachmentUpload(src/test/resources/data/eicar.txt, false) -->
                  <span class="method-name">T13_attachmentUpload</span>
                  <span class="parameters">(src/test/resources/data/eicar.txt,false)</span>
                  <div class="stack-trace">java.lang.RuntimeException: Failed to laod env : qa
	at framework_core.EnvLoader.load(EnvLoader.java:21)
	at framework_core.BaseTest.setup(BaseTest.java:21)
	at java.base/java.util.ArrayList.forEach(ArrayList.java:1604)
Caused by: java.io.FileNotFoundException: \rediffmail-automation\src\test\resources\envqa.properties (The system cannot find the path specified)
	at java.base/java.io.FileInputStream.open0(Native Method)
	at java.base/java.io.FileInputStream.open(FileInputStream.java:185)
	at java.base/java.io.FileInputStream.&lt;init&gt;(FileInputStream.java:139)
	at java.base/java.io.FileInputStream.&lt;init&gt;(FileInputStream.java:109)
	at framework_core.EnvLoader.load(EnvLoader.java:15)
	... 25 more
... Removed 23 stack frames
</div> <!-- stack-trace -->
                  <em>
(Functional: Attachment upload small file)                  </em>
                </div> <!-- method-content -->
              </div> <!-- method -->
              <div class="method">
                <div class="method-content">
                  <a name="T14_largeAttachmentNegative">
                  </a> <!-- T14_largeAttachmentNegative -->
                  <span class="method-name">T14_largeAttachmentNegative</span>
                  <div class="stack-trace">java.lang.RuntimeException: Failed to laod env : qa
	at framework_core.EnvLoader.load(EnvLoader.java:21)
	at framework_core.BaseTest.setup(BaseTest.java:21)
	at java.base/java.util.ArrayList.forEach(ArrayList.java:1604)
Caused by: java.io.FileNotFoundException: \rediffmail-automation\src\test\resources\envqa.properties (The system cannot find the path specified)
	at java.base/java.io.FileInputStream.open0(Native Method)
	at java.base/java.io.FileInputStream.open(FileInputStream.java:185)
	at java.base/java.io.FileInputStream.&lt;init&gt;(FileInputStream.java:139)
	at java.base/java.io.FileInputStream.&lt;init&gt;(FileInputStream.java:109)
	at framework_core.EnvLoader.load(EnvLoader.java:15)
	... 25 more
... Removed 23 stack frames
</div> <!-- stack-trace -->
                  <em>
(Functional: Large attachment validation (negative))                  </em>
                </div> <!-- method-content -->
              </div> <!-- method -->
              <div class="method">
                <div class="method-content">
                  <a name="T15_richTextFormatting">
                  </a> <!-- T15_richTextFormatting -->
                  <span class="method-name">T15_richTextFormatting</span>
                  <div class="stack-trace">java.lang.RuntimeException: Failed to laod env : qa
	at framework_core.EnvLoader.load(EnvLoader.java:21)
	at framework_core.BaseTest.setup(BaseTest.java:21)
	at java.base/java.util.ArrayList.forEach(ArrayList.java:1604)
Caused by: java.io.FileNotFoundException: \rediffmail-automation\src\test\resources\envqa.properties (The system cannot find the path specified)
	at java.base/java.io.FileInputStream.open0(Native Method)
	at java.base/java.io.FileInputStream.open(FileInputStream.java:185)
	at java.base/java.io.FileInputStream.&lt;init&gt;(FileInputStream.java:139)
	at java.base/java.io.FileInputStream.&lt;init&gt;(FileInputStream.java:109)
	at framework_core.EnvLoader.load(EnvLoader.java:15)
	... 25 more
... Removed 23 stack frames
</div> <!-- stack-trace -->
                  <em>
(Functional: Rich text formatting preserved)                  </em>
                </div> <!-- method-content -->
              </div> <!-- method -->
              <div class="method">
                <div class="method-content">
                  <a name="T16_markReadUnread">
                  </a> <!-- T16_markReadUnread -->
                  <span class="method-name">T16_markReadUnread</span>
                  <div class="stack-trace">java.lang.RuntimeException: Failed to laod env : qa
	at framework_core.EnvLoader.load(EnvLoader.java:21)
	at framework_core.BaseTest.setup(BaseTest.java:21)
	at java.base/java.util.ArrayList.forEach(ArrayList.java:1604)
Caused by: java.io.FileNotFoundException: \rediffmail-automation\src\test\resources\envqa.properties (The system cannot find the path specified)
	at java.base/java.io.FileInputStream.open0(Native Method)
	at java.base/java.io.FileInputStream.open(FileInputStream.java:185)
	at java.base/java.io.FileInputStream.&lt;init&gt;(FileInputStream.java:139)
	at java.base/java.io.FileInputStream.&lt;init&gt;(FileInputStream.java:109)
	at framework_core.EnvLoader.load(EnvLoader.java:15)
	... 25 more
... Removed 23 stack frames
</div> <!-- stack-trace -->
                  <em>
(Functional: Mark mail read/unread)                  </em>
                </div> <!-- method-content -->
              </div> <!-- method -->
              <div class="method">
                <div class="method-content">
                  <a name="T17_moveMailToFolder">
                  </a> <!-- T17_moveMailToFolder -->
                  <span class="method-name">T17_moveMailToFolder</span>
                  <div class="stack-trace">java.lang.RuntimeException: Failed to laod env : qa
	at framework_core.EnvLoader.load(EnvLoader.java:21)
	at framework_core.BaseTest.setup(BaseTest.java:21)
	at java.base/java.util.ArrayList.forEach(ArrayList.java:1604)
Caused by: java.io.FileNotFoundException: \rediffmail-automation\src\test\resources\envqa.properties (The system cannot find the path specified)
	at java.base/java.io.FileInputStream.open0(Native Method)
	at java.base/java.io.FileInputStream.open(FileInputStream.java:185)
	at java.base/java.io.FileInputStream.&lt;init&gt;(FileInputStream.java:139)
	at java.base/java.io.FileInputStream.&lt;init&gt;(FileInputStream.java:109)
	at framework_core.EnvLoader.load(EnvLoader.java:15)
	... 25 more
... Removed 23 stack frames
</div> <!-- stack-trace -->
                  <em>
(Functional: Move mail to folder)                  </em>
                </div> <!-- method-content -->
              </div> <!-- method -->
              <div class="method">
                <div class="method-content">
                  <a name="T18_draftAutoSave">
                  </a> <!-- T18_draftAutoSave -->
                  <span class="method-name">T18_draftAutoSave</span>
                  <div class="stack-trace">java.lang.RuntimeException: Failed to laod env : qa
	at framework_core.EnvLoader.load(EnvLoader.java:21)
	at framework_core.BaseTest.setup(BaseTest.java:21)
	at java.base/java.util.ArrayList.forEach(ArrayList.java:1604)
Caused by: java.io.FileNotFoundException: \rediffmail-automation\src\test\resources\envqa.properties (The system cannot find the path specified)
	at java.base/java.io.FileInputStream.open0(Native Method)
	at java.base/java.io.FileInputStream.open(FileInputStream.java:185)
	at java.base/java.io.FileInputStream.&lt;init&gt;(FileInputStream.java:139)
	at java.base/java.io.FileInputStream.&lt;init&gt;(FileInputStream.java:109)
	at framework_core.EnvLoader.load(EnvLoader.java:15)
	... 25 more
... Removed 23 stack frames
</div> <!-- stack-trace -->
                  <em>
(Functional: Draft auto-save on close)                  </em>
                </div> <!-- method-content -->
              </div> <!-- method -->
              <div class="method">
                <div class="method-content">
                  <a name="T19_invalidRecipientNegative">
                  </a> <!-- T19_invalidRecipientNegative -->
                  <span class="method-name">T19_invalidRecipientNegative</span>
                  <div class="stack-trace">java.lang.RuntimeException: Failed to laod env : qa
	at framework_core.EnvLoader.load(EnvLoader.java:21)
	at framework_core.BaseTest.setup(BaseTest.java:21)
	at java.base/java.util.ArrayList.forEach(ArrayList.java:1604)
Caused by: java.io.FileNotFoundException: \rediffmail-automation\src\test\resources\envqa.properties (The system cannot find the path specified)
	at java.base/java.io.FileInputStream.open0(Native Method)
	at java.base/java.io.FileInputStream.open(FileInputStream.java:185)
	at java.base/java.io.FileInputStream.&lt;init&gt;(FileInputStream.java:139)
	at java.base/java.io.FileInputStream.&lt;init&gt;(FileInputStream.java:109)
	at framework_core.EnvLoader.load(EnvLoader.java:15)
	... 25 more
... Removed 23 stack frames
</div> <!-- stack-trace -->
                  <em>
(Functional: Invalid recipient validation (negative))                  </em>
                </div> <!-- method-content -->
              </div> <!-- method -->
            </div> <!-- main-panel-content rounded-window-bottom -->
          </div> <!-- suite-Suite-class-skipped -->
          <div class="suite-Suite-class-skipped">
            <div class="main-panel-header rounded-window-top">
              <img src="skipped.png"/>
              <span class="class-name">regression.SystemRegressionTests</span>
            </div> <!-- main-panel-header rounded-window-top -->
            <div class="main-panel-content rounded-window-bottom">
              <div class="method">
                <div class="method-content">
                  <a name="T32_sessionTimeout">
                  </a> <!-- T32_sessionTimeout -->
                  <span class="method-name">T32_sessionTimeout</span>
                  <div class="stack-trace">java.lang.RuntimeException: Failed to laod env : qa
	at framework_core.EnvLoader.load(EnvLoader.java:21)
	at framework_core.BaseTest.setup(BaseTest.java:21)
	at java.base/java.util.ArrayList.forEach(ArrayList.java:1604)
Caused by: java.io.FileNotFoundException: \rediffmail-automation\src\test\resources\envqa.properties (The system cannot find the path specified)
	at java.base/java.io.FileInputStream.open0(Native Method)
	at java.base/java.io.FileInputStream.open(FileInputStream.java:185)
	at java.base/java.io.FileInputStream.&lt;init&gt;(FileInputStream.java:139)
	at java.base/java.io.FileInputStream.&lt;init&gt;(FileInputStream.java:109)
	at framework_core.EnvLoader.load(EnvLoader.java:15)
	... 25 more
... Removed 23 stack frames
</div> <!-- stack-trace -->
                  <em>
(Regression: Session timeout and re-auth)                  </em>
                </div> <!-- method-content -->
              </div> <!-- method -->
              <div class="method">
                <div class="method-content">
                  <a name="T33_malwareBlock">
                  </a> <!-- T33_malwareBlock -->
                  <span class="method-name">T33_malwareBlock</span>
                  <div class="stack-trace">java.lang.RuntimeException: Failed to laod env : qa
	at framework_core.EnvLoader.load(EnvLoader.java:21)
	at framework_core.BaseTest.setup(BaseTest.java:21)
	at java.base/java.util.ArrayList.forEach(ArrayList.java:1604)
Caused by: java.io.FileNotFoundException: \rediffmail-automation\src\test\resources\envqa.properties (The system cannot find the path specified)
	at java.base/java.io.FileInputStream.open0(Native Method)
	at java.base/java.io.FileInputStream.open(FileInputStream.java:185)
	at java.base/java.io.FileInputStream.&lt;init&gt;(FileInputStream.java:139)
	at java.base/java.io.FileInputStream.&lt;init&gt;(FileInputStream.java:109)
	at framework_core.EnvLoader.load(EnvLoader.java:15)
	... 25 more
... Removed 23 stack frames
</div> <!-- stack-trace -->
                  <em>
(Regression: Attachment virus/malware block (negative))                  </em>
                </div> <!-- method-content -->
              </div> <!-- method -->
              <div class="method">
                <div class="method-content">
                  <a name="T34_crossBrowserSmoke">
                  </a> <!-- T34_crossBrowserSmoke -->
                  <span class="method-name">T34_crossBrowserSmoke</span>
                  <div class="stack-trace">java.lang.RuntimeException: Failed to laod env : qa
	at framework_core.EnvLoader.load(EnvLoader.java:21)
	at framework_core.BaseTest.setup(BaseTest.java:21)
	at java.base/java.util.ArrayList.forEach(ArrayList.java:1604)
Caused by: java.io.FileNotFoundException: \rediffmail-automation\src\test\resources\envqa.properties (The system cannot find the path specified)
	at java.base/java.io.FileInputStream.open0(Native Method)
	at java.base/java.io.FileInputStream.open(FileInputStream.java:185)
	at java.base/java.io.FileInputStream.&lt;init&gt;(FileInputStream.java:139)
	at java.base/java.io.FileInputStream.&lt;init&gt;(FileInputStream.java:109)
	at framework_core.EnvLoader.load(EnvLoader.java:15)
	... 25 more
... Removed 23 stack frames
</div> <!-- stack-trace -->
                  <em>
(Regression: Cross-browser smoke (Chrome only by default))                  </em>
                </div> <!-- method-content -->
              </div> <!-- method -->
            </div> <!-- main-panel-content rounded-window-bottom -->
          </div> <!-- suite-Suite-class-skipped -->
          <div class="suite-Suite-class-skipped">
            <div class="main-panel-header rounded-window-top">
              <img src="skipped.png"/>
              <span class="class-name">sanity.SanitySuite</span>
            </div> <!-- main-panel-header rounded-window-top -->
            <div class="main-panel-content rounded-window-bottom">
              <div class="method">
                <div class="method-content">
                  <a name="T01_validLogin">
                  </a> <!-- T01_validLogin -->
                  <span class="method-name">T01_validLogin</span>
                  <div class="stack-trace">java.lang.RuntimeException: Failed to laod env : qa
	at framework_core.EnvLoader.load(EnvLoader.java:21)
	at framework_core.BaseTest.setup(BaseTest.java:21)
	at java.base/java.util.ArrayList.forEach(ArrayList.java:1604)
Caused by: java.io.FileNotFoundException: \rediffmail-automation\src\test\resources\envqa.properties (The system cannot find the path specified)
	at java.base/java.io.FileInputStream.open0(Native Method)
	at java.base/java.io.FileInputStream.open(FileInputStream.java:185)
	at java.base/java.io.FileInputStream.&lt;init&gt;(FileInputStream.java:139)
	at java.base/java.io.FileInputStream.&lt;init&gt;(FileInputStream.java:109)
	at framework_core.EnvLoader.load(EnvLoader.java:15)
	... 25 more
... Removed 23 stack frames
</div> <!-- stack-trace -->
                  <em>
(Sanity: Valid login lands in Inbox)                  </em>
                </div> <!-- method-content -->
              </div> <!-- method -->
              <div class="method">
                <div class="method-content">
                  <a name="T02_composeSendMinimal">
                  </a> <!-- T02_composeSendMinimal -->
                  <span class="method-name">T02_composeSendMinimal</span>
                  <div class="stack-trace">java.lang.RuntimeException: Failed to laod env : qa
	at framework_core.EnvLoader.load(EnvLoader.java:21)
	at framework_core.BaseTest.setup(BaseTest.java:21)
	at java.base/java.util.ArrayList.forEach(ArrayList.java:1604)
Caused by: java.io.FileNotFoundException: \rediffmail-automation\src\test\resources\envqa.properties (The system cannot find the path specified)
	at java.base/java.io.FileInputStream.open0(Native Method)
	at java.base/java.io.FileInputStream.open(FileInputStream.java:185)
	at java.base/java.io.FileInputStream.&lt;init&gt;(FileInputStream.java:139)
	at java.base/java.io.FileInputStream.&lt;init&gt;(FileInputStream.java:109)
	at framework_core.EnvLoader.load(EnvLoader.java:15)
	... 25 more
... Removed 23 stack frames
</div> <!-- stack-trace -->
                  <em>
(Sanity: Compose minimal email and send)                  </em>
                </div> <!-- method-content -->
              </div> <!-- method -->
              <div class="method">
                <div class="method-content">
                  <a name="T03_logout">
                  </a> <!-- T03_logout -->
                  <span class="method-name">T03_logout</span>
                  <div class="stack-trace">java.lang.RuntimeException: Failed to laod env : qa
	at framework_core.EnvLoader.load(EnvLoader.java:21)
	at framework_core.BaseTest.setup(BaseTest.java:21)
	at java.base/java.util.ArrayList.forEach(ArrayList.java:1604)
Caused by: java.io.FileNotFoundException: \rediffmail-automation\src\test\resources\envqa.properties (The system cannot find the path specified)
	at java.base/java.io.FileInputStream.open0(Native Method)
	at java.base/java.io.FileInputStream.open(FileInputStream.java:185)
	at java.base/java.io.FileInputStream.&lt;init&gt;(FileInputStream.java:139)
	at java.base/java.io.FileInputStream.&lt;init&gt;(FileInputStream.java:109)
	at framework_core.EnvLoader.load(EnvLoader.java:15)
	... 25 more
... Removed 23 stack frames
</div> <!-- stack-trace -->
                  <em>
(Sanity: Logout)                  </em>
                </div> <!-- method-content -->
              </div> <!-- method -->
              <div class="method">
                <div class="method-content">
                  <a name="T04_inboxLoad">
                  </a> <!-- T04_inboxLoad -->
                  <span class="method-name">T04_inboxLoad</span>
                  <div class="stack-trace">java.lang.RuntimeException: Failed to laod env : qa
	at framework_core.EnvLoader.load(EnvLoader.java:21)
	at framework_core.BaseTest.setup(BaseTest.java:21)
	at java.base/java.util.ArrayList.forEach(ArrayList.java:1604)
Caused by: java.io.FileNotFoundException: \rediffmail-automation\src\test\resources\envqa.properties (The system cannot find the path specified)
	at java.base/java.io.FileInputStream.open0(Native Method)
	at java.base/java.io.FileInputStream.open(FileInputStream.java:185)
	at java.base/java.io.FileInputStream.&lt;init&gt;(FileInputStream.java:139)
	at java.base/java.io.FileInputStream.&lt;init&gt;(FileInputStream.java:109)
	at framework_core.EnvLoader.load(EnvLoader.java:15)
	... 25 more
... Removed 23 stack frames
</div> <!-- stack-trace -->
                  <em>
(Sanity: Inbox loads with list or empty state)                  </em>
                </div> <!-- method-content -->
              </div> <!-- method -->
              <div class="method">
                <div class="method-content">
                  <a name="T05_basicSearch">
                  </a> <!-- T05_basicSearch -->
                  <span class="method-name">T05_basicSearch</span>
                  <div class="stack-trace">java.lang.RuntimeException: Failed to laod env : qa
	at framework_core.EnvLoader.load(EnvLoader.java:21)
	at framework_core.BaseTest.setup(BaseTest.java:21)
	at java.base/java.util.ArrayList.forEach(ArrayList.java:1604)
Caused by: java.io.FileNotFoundException: \rediffmail-automation\src\test\resources\envqa.properties (The system cannot find the path specified)
	at java.base/java.io.FileInputStream.open0(Native Method)
	at java.base/java.io.FileInputStream.open(FileInputStream.java:185)
	at java.base/java.io.FileInputStream.&lt;init&gt;(FileInputStream.java:139)
	at java.base/java.io.FileInputStream.&lt;init&gt;(FileInputStream.java:109)
	at framework_core.EnvLoader.load(EnvLoader.java:15)
	... 25 more
... Removed 23 stack frames
</div> <!-- stack-trace -->
                  <em>
(Sanity: Search basic keyword)                  </em>
                </div> <!-- method-content -->
              </div> <!-- method -->
              <div class="method">
                <div class="method-content">
                  <a name="T06_openMail">
                  </a> <!-- T06_openMail -->
                  <span class="method-name">T06_openMail</span>
                  <div class="stack-trace">java.lang.RuntimeException: Failed to laod env : qa
	at framework_core.EnvLoader.load(EnvLoader.java:21)
	at framework_core.BaseTest.setup(BaseTest.java:21)
	at java.base/java.util.ArrayList.forEach(ArrayList.java:1604)
Caused by: java.io.FileNotFoundException: \rediffmail-automation\src\test\resources\envqa.properties (The system cannot find the path specified)
	at java.base/java.io.FileInputStream.open0(Native Method)
	at java.base/java.io.FileInputStream.open(FileInputStream.java:185)
	at java.base/java.io.FileInputStream.&lt;init&gt;(FileInputStream.java:139)
	at java.base/java.io.FileInputStream.&lt;init&gt;(FileInputStream.java:109)
	at framework_core.EnvLoader.load(EnvLoader.java:15)
	... 25 more
... Removed 23 stack frames
</div> <!-- stack-trace -->
                  <em>
(Sanity: Open mail and view content)                  </em>
                </div> <!-- method-content -->
              </div> <!-- method -->
              <div class="method">
                <div class="method-content">
                  <a name="T07_deleteMailToTrash">
                  </a> <!-- T07_deleteMailToTrash -->
                  <span class="method-name">T07_deleteMailToTrash</span>
                  <div class="stack-trace">java.lang.RuntimeException: Failed to laod env : qa
	at framework_core.EnvLoader.load(EnvLoader.java:21)
	at framework_core.BaseTest.setup(BaseTest.java:21)
	at java.base/java.util.ArrayList.forEach(ArrayList.java:1604)
Caused by: java.io.FileNotFoundException: \rediffmail-automation\src\test\resources\envqa.properties (The system cannot find the path specified)
	at java.base/java.io.FileInputStream.open0(Native Method)
	at java.base/java.io.FileInputStream.open(FileInputStream.java:185)
	at java.base/java.io.FileInputStream.&lt;init&gt;(FileInputStream.java:139)
	at java.base/java.io.FileInputStream.&lt;init&gt;(FileInputStream.java:109)
	at framework_core.EnvLoader.load(EnvLoader.java:15)
	... 25 more
... Removed 23 stack frames
</div> <!-- stack-trace -->
                  <em>
(Sanity: Delete mail to Trash)                  </em>
                </div> <!-- method-content -->
              </div> <!-- method -->
              <div class="method">
                <div class="method-content">
                  <a name="T08_draftSaveOnClose">
                  </a> <!-- T08_draftSaveOnClose -->
                  <span class="method-name">T08_draftSaveOnClose</span>
                  <div class="stack-trace">java.lang.RuntimeException: Failed to laod env : qa
	at framework_core.EnvLoader.load(EnvLoader.java:21)
	at framework_core.BaseTest.setup(BaseTest.java:21)
	at java.base/java.util.ArrayList.forEach(ArrayList.java:1604)
Caused by: java.io.FileNotFoundException: \rediffmail-automation\src\test\resources\envqa.properties (The system cannot find the path specified)
	at java.base/java.io.FileInputStream.open0(Native Method)
	at java.base/java.io.FileInputStream.open(FileInputStream.java:185)
	at java.base/java.io.FileInputStream.&lt;init&gt;(FileInputStream.java:139)
	at java.base/java.io.FileInputStream.&lt;init&gt;(FileInputStream.java:109)
	at framework_core.EnvLoader.load(EnvLoader.java:15)
	... 25 more
... Removed 23 stack frames
</div> <!-- stack-trace -->
                  <em>
(Sanity: Draft saved on close)                  </em>
                </div> <!-- method-content -->
              </div> <!-- method -->
            </div> <!-- main-panel-content rounded-window-bottom -->
          </div> <!-- suite-Suite-class-skipped -->
          <div class="suite-Suite-class-skipped">
            <div class="main-panel-header rounded-window-top">
              <img src="skipped.png"/>
              <span class="class-name">functional.SettingsFunctionalTests</span>
            </div> <!-- main-panel-header rounded-window-top -->
            <div class="main-panel-content rounded-window-bottom">
              <div class="method">
                <div class="method-content">
                  <a name="T23_updateSignature">
                  </a> <!-- T23_updateSignature -->
                  <span class="method-name">T23_updateSignature</span>
                  <div class="stack-trace">java.lang.RuntimeException: Failed to laod env : qa
	at framework_core.EnvLoader.load(EnvLoader.java:21)
	at framework_core.BaseTest.setup(BaseTest.java:21)
	at java.base/java.util.ArrayList.forEach(ArrayList.java:1604)
Caused by: java.io.FileNotFoundException: \rediffmail-automation\src\test\resources\envqa.properties (The system cannot find the path specified)
	at java.base/java.io.FileInputStream.open0(Native Method)
	at java.base/java.io.FileInputStream.open(FileInputStream.java:185)
	at java.base/java.io.FileInputStream.&lt;init&gt;(FileInputStream.java:139)
	at java.base/java.io.FileInputStream.&lt;init&gt;(FileInputStream.java:109)
	at framework_core.EnvLoader.load(EnvLoader.java:15)
	... 25 more
... Removed 23 stack frames
</div> <!-- stack-trace -->
                  <em>
(Functional: Update signature)                  </em>
                </div> <!-- method-content -->
              </div> <!-- method -->
              <div class="method">
                <div class="method-content">
                  <a name="T24_enableVacationAutoReply">
                  </a> <!-- T24_enableVacationAutoReply -->
                  <span class="method-name">T24_enableVacationAutoReply</span>
                  <div class="stack-trace">java.lang.RuntimeException: Failed to laod env : qa
	at framework_core.EnvLoader.load(EnvLoader.java:21)
	at framework_core.BaseTest.setup(BaseTest.java:21)
	at java.base/java.util.ArrayList.forEach(ArrayList.java:1604)
Caused by: java.io.FileNotFoundException: \rediffmail-automation\src\test\resources\envqa.properties (The system cannot find the path specified)
	at java.base/java.io.FileInputStream.open0(Native Method)
	at java.base/java.io.FileInputStream.open(FileInputStream.java:185)
	at java.base/java.io.FileInputStream.&lt;init&gt;(FileInputStream.java:139)
	at java.base/java.io.FileInputStream.&lt;init&gt;(FileInputStream.java:109)
	at framework_core.EnvLoader.load(EnvLoader.java:15)
	... 25 more
... Removed 23 stack frames
</div> <!-- stack-trace -->
                  <em>
(Functional: Enable vacation auto-reply)                  </em>
                </div> <!-- method-content -->
              </div> <!-- method -->
            </div> <!-- main-panel-content rounded-window-bottom -->
          </div> <!-- suite-Suite-class-skipped -->
          <div class="suite-Suite-class-skipped">
            <div class="main-panel-header rounded-window-top">
              <img src="skipped.png"/>
              <span class="class-name">functional.SearchFunctionalTests</span>
            </div> <!-- main-panel-header rounded-window-top -->
            <div class="main-panel-content rounded-window-bottom">
              <div class="method">
                <div class="method-content">
                  <a name="T20_searchKeyword">
                  </a> <!-- T20_searchKeyword -->
                  <span class="method-name">T20_searchKeyword</span>
                  <div class="stack-trace">java.lang.RuntimeException: Failed to laod env : qa
	at framework_core.EnvLoader.load(EnvLoader.java:21)
	at framework_core.BaseTest.setup(BaseTest.java:21)
	at java.base/java.util.ArrayList.forEach(ArrayList.java:1604)
Caused by: java.io.FileNotFoundException: \rediffmail-automation\src\test\resources\envqa.properties (The system cannot find the path specified)
	at java.base/java.io.FileInputStream.open0(Native Method)
	at java.base/java.io.FileInputStream.open(FileInputStream.java:185)
	at java.base/java.io.FileInputStream.&lt;init&gt;(FileInputStream.java:139)
	at java.base/java.io.FileInputStream.&lt;init&gt;(FileInputStream.java:109)
	at framework_core.EnvLoader.load(EnvLoader.java:15)
	... 25 more
... Removed 23 stack frames
</div> <!-- stack-trace -->
                  <em>
(Functional: Search by keyword)                  </em>
                </div> <!-- method-content -->
              </div> <!-- method -->
              <div class="method">
                <div class="method-content">
                  <a name="T21_searchBySender">
                  </a> <!-- T21_searchBySender -->
                  <span class="method-name">T21_searchBySender</span>
                  <div class="stack-trace">java.lang.RuntimeException: Failed to laod env : qa
	at framework_core.EnvLoader.load(EnvLoader.java:21)
	at framework_core.BaseTest.setup(BaseTest.java:21)
	at java.base/java.util.ArrayList.forEach(ArrayList.java:1604)
Caused by: java.io.FileNotFoundException: \rediffmail-automation\src\test\resources\envqa.properties (The system cannot find the path specified)
	at java.base/java.io.FileInputStream.open0(Native Method)
	at java.base/java.io.FileInputStream.open(FileInputStream.java:185)
	at java.base/java.io.FileInputStream.&lt;init&gt;(FileInputStream.java:139)
	at java.base/java.io.FileInputStream.&lt;init&gt;(FileInputStream.java:109)
	at framework_core.EnvLoader.load(EnvLoader.java:15)
	... 25 more
... Removed 23 stack frames
</div> <!-- stack-trace -->
                  <em>
(Functional: Search by sender filter)                  </em>
                </div> <!-- method-content -->
              </div> <!-- method -->
              <div class="method">
                <div class="method-content">
                  <a name="T22_searchByDateRange">
                  </a> <!-- T22_searchByDateRange -->
                  <span class="method-name">T22_searchByDateRange</span>
                  <div class="stack-trace">java.lang.RuntimeException: Failed to laod env : qa
	at framework_core.EnvLoader.load(EnvLoader.java:21)
	at framework_core.BaseTest.setup(BaseTest.java:21)
	at java.base/java.util.ArrayList.forEach(ArrayList.java:1604)
Caused by: java.io.FileNotFoundException: \rediffmail-automation\src\test\resources\envqa.properties (The system cannot find the path specified)
	at java.base/java.io.FileInputStream.open0(Native Method)
	at java.base/java.io.FileInputStream.open(FileInputStream.java:185)
	at java.base/java.io.FileInputStream.&lt;init&gt;(FileInputStream.java:139)
	at java.base/java.io.FileInputStream.&lt;init&gt;(FileInputStream.java:109)
	at framework_core.EnvLoader.load(EnvLoader.java:15)
	... 25 more
... Removed 23 stack frames
</div> <!-- stack-trace -->
                  <em>
(Functional: Search by date range)                  </em>
                </div> <!-- method-content -->
              </div> <!-- method -->
            </div> <!-- main-panel-content rounded-window-bottom -->
          </div> <!-- suite-Suite-class-skipped -->
        </div> <!-- panel Suite -->
        <div panel-name="test-xml-Suite" class="panel">
          <div class="main-panel-header rounded-window-top">
            <span class="header-content">C:\Users\akash\eclipse-workspace\rediffmail-automation\testng.xml</span>
          </div> <!-- main-panel-header rounded-window-top -->
          <div class="main-panel-content rounded-window-bottom">
            <pre>
&lt;?xml version=&quot;1.0&quot; encoding=&quot;UTF-8&quot;?&gt;
&lt;!DOCTYPE suite SYSTEM &quot;https://testng.org/testng-1.0.dtd&quot;&gt;
&lt;suite name=&quot;Suite&quot;&gt;
  &lt;test thread-count=&quot;5&quot; name=&quot;Test&quot;&gt;
    &lt;classes&gt;
      &lt;class name=&quot;regression.ComposeRegressionTests&quot;/&gt;
      &lt;class name=&quot;regression.InboxRegressionTests&quot;/&gt;
      &lt;class name=&quot;regression.SystemRegressionTests&quot;/&gt;
      &lt;class name=&quot;functional.SettingsFunctionalTests&quot;/&gt;
      &lt;class name=&quot;functional.SearchFunctionalTests&quot;/&gt;
      &lt;class name=&quot;sanity.SanitySuite&quot;/&gt;
      &lt;class name=&quot;functional.LoginFunctionalTests&quot;/&gt;
      &lt;class name=&quot;functional.ComposeFunctionalTests&quot;/&gt;
    &lt;/classes&gt;
  &lt;/test&gt; &lt;!-- Test --&gt;
&lt;/suite&gt; &lt;!-- Suite --&gt;
            </pre>
          </div> <!-- main-panel-content rounded-window-bottom -->
        </div> <!-- panel -->
        <div panel-name="testlist-Suite" class="panel">
          <div class="main-panel-header rounded-window-top">
            <span class="header-content">Tests for Suite</span>
          </div> <!-- main-panel-header rounded-window-top -->
          <div class="main-panel-content rounded-window-bottom">
            <ul>
              <li>
                <span class="test-name">Test (8 classes)</span>
              </li>
            </ul>
          </div> <!-- main-panel-content rounded-window-bottom -->
        </div> <!-- panel -->
        <div panel-name="group-Suite" class="panel">
          <div class="main-panel-header rounded-window-top">
            <span class="header-content">Groups for Suite</span>
          </div> <!-- main-panel-header rounded-window-top -->
          <div class="main-panel-content rounded-window-bottom">
            <div class="test-group">
              <span class="test-group-name">functional</span>
              <br/>
              <div class="method-in-group">
                <span class="method-in-group-name">T11_successLogin</span>
                <br/>
              </div> <!-- method-in-group -->
            </div> <!-- test-group -->
          </div> <!-- main-panel-content rounded-window-bottom -->
        </div> <!-- panel -->
        <div panel-name="times-Suite" class="panel">
          <div class="main-panel-header rounded-window-top">
            <span class="header-content">Times for Suite</span>
          </div> <!-- main-panel-header rounded-window-top -->
          <div class="main-panel-content rounded-window-bottom">
            <div class="times-div">
              <script type="text/javascript">
suiteTableInitFunctions.push('tableData_Suite');
function tableData_Suite() {
var data = new google.visualization.DataTable();
data.addColumn('number', 'Number');
data.addColumn('string', 'Method');
data.addColumn('string', 'Class');
data.addColumn('number', 'Time (ms)');
data.addRows(39);
data.setCell(0, 0, 0)
data.setCell(0, 1, 'T12_sendWithCcBcc')
data.setCell(0, 2, 'functional.ComposeFunctionalTests')
data.setCell(0, 3, 1);
data.setCell(1, 0, 1)
data.setCell(1, 1, 'T29_composeAutosaveIdle')
data.setCell(1, 2, 'regression.ComposeRegressionTests')
data.setCell(1, 3, 1);
data.setCell(2, 0, 2)
data.setCell(2, 1, 'T09_invalidLogin')
data.setCell(2, 2, 'functional.LoginFunctionalTests')
data.setCell(2, 3, 1);
data.setCell(3, 0, 3)
data.setCell(3, 1, 'T24_enableVacationAutoReply')
data.setCell(3, 2, 'functional.SettingsFunctionalTests')
data.setCell(3, 3, 1);
data.setCell(4, 0, 4)
data.setCell(4, 1, 'T28_folderCreateDelete')
data.setCell(4, 2, 'regression.InboxRegressionTests')
data.setCell(4, 3, 0);
data.setCell(5, 0, 5)
data.setCell(5, 1, 'T34_crossBrowserSmoke')
data.setCell(5, 2, 'regression.SystemRegressionTests')
data.setCell(5, 3, 0);
data.setCell(6, 0, 6)
data.setCell(6, 1, 'T04_inboxLoad')
data.setCell(6, 2, 'sanity.SanitySuite')
data.setCell(6, 3, 0);
data.setCell(7, 0, 7)
data.setCell(7, 1, 'T06_openMail')
data.setCell(7, 2, 'sanity.SanitySuite')
data.setCell(7, 3, 0);
data.setCell(8, 0, 8)
data.setCell(8, 1, 'T25_multiLoginLogout')
data.setCell(8, 2, 'regression.InboxRegressionTests')
data.setCell(8, 3, 0);
data.setCell(9, 0, 9)
data.setCell(9, 1, 'T21_searchBySender')
data.setCell(9, 2, 'functional.SearchFunctionalTests')
data.setCell(9, 3, 0);
data.setCell(10, 0, 10)
data.setCell(10, 1, 'T13_attachmentUpload')
data.setCell(10, 2, 'functional.ComposeFunctionalTests')
data.setCell(10, 3, 0);
data.setCell(11, 0, 11)
data.setCell(11, 1, 'T02_composeSendMinimal')
data.setCell(11, 2, 'sanity.SanitySuite')
data.setCell(11, 3, 0);
data.setCell(12, 0, 12)
data.setCell(12, 1, 'T11_successLogin')
data.setCell(12, 2, 'functional.LoginFunctionalTests')
data.setCell(12, 3, 0);
data.setCell(13, 0, 13)
data.setCell(13, 1, 'T18_draftAutoSave')
data.setCell(13, 2, 'functional.ComposeFunctionalTests')
data.setCell(13, 3, 0);
data.setCell(14, 0, 14)
data.setCell(14, 1, 'T10_passwordMasked')
data.setCell(14, 2, 'functional.LoginFunctionalTests')
data.setCell(14, 3, 0);
data.setCell(15, 0, 15)
data.setCell(15, 1, 'T16_markReadUnread')
data.setCell(15, 2, 'functional.ComposeFunctionalTests')
data.setCell(15, 3, 0);
data.setCell(16, 0, 16)
data.setCell(16, 1, 'T15_richTextFormatting')
data.setCell(16, 2, 'functional.ComposeFunctionalTests')
data.setCell(16, 3, 0);
data.setCell(17, 0, 17)
data.setCell(17, 1, 'T26_paginationNavigation')
data.setCell(17, 2, 'regression.InboxRegressionTests')
data.setCell(17, 3, 0);
data.setCell(18, 0, 18)
data.setCell(18, 1, 'T08_draftSaveOnClose')
data.setCell(18, 2, 'sanity.SanitySuite')
data.setCell(18, 3, 0);
data.setCell(19, 0, 19)
data.setCell(19, 1, 'T31_internationalization')
data.setCell(19, 2, 'regression.ComposeRegressionTests')
data.setCell(19, 3, 0);
data.setCell(20, 0, 20)
data.setCell(20, 1, 'T13_attachmentUpload')
data.setCell(20, 2, 'functional.ComposeFunctionalTests')
data.setCell(20, 3, 0);
data.setCell(21, 0, 21)
data.setCell(21, 1, 'T09_invalidLogin')
data.setCell(21, 2, 'functional.LoginFunctionalTests')
data.setCell(21, 3, 0);
data.setCell(22, 0, 22)
data.setCell(22, 1, 'T33_malwareBlock')
data.setCell(22, 2, 'regression.SystemRegressionTests')
data.setCell(22, 3, 0);
data.setCell(23, 0, 23)
data.setCell(23, 1, 'T05_basicSearch')
data.setCell(23, 2, 'sanity.SanitySuite')
data.setCell(23, 3, 0);
data.setCell(24, 0, 24)
data.setCell(24, 1, 'T22_searchByDateRange')
data.setCell(24, 2, 'functional.SearchFunctionalTests')
data.setCell(24, 3, 0);
data.setCell(25, 0, 25)
data.setCell(25, 1, 'T07_deleteMailToTrash')
data.setCell(25, 2, 'sanity.SanitySuite')
data.setCell(25, 3, 0);
data.setCell(26, 0, 26)
data.setCell(26, 1, 'T01_validLogin')
data.setCell(26, 2, 'sanity.SanitySuite')
data.setCell(26, 3, 0);
data.setCell(27, 0, 27)
data.setCell(27, 1, 'T30_sendThrottle')
data.setCell(27, 2, 'regression.ComposeRegressionTests')
data.setCell(27, 3, 0);
data.setCell(28, 0, 28)
data.setCell(28, 1, 'T19_invalidRecipientNegative')
data.setCell(28, 2, 'functional.ComposeFunctionalTests')
data.setCell(28, 3, 0);
data.setCell(29, 0, 29)
data.setCell(29, 1, 'T23_updateSignature')
data.setCell(29, 2, 'functional.SettingsFunctionalTests')
data.setCell(29, 3, 0);
data.setCell(30, 0, 30)
data.setCell(30, 1, 'T09_invalidLogin')
data.setCell(30, 2, 'functional.LoginFunctionalTests')
data.setCell(30, 3, 0);
data.setCell(31, 0, 31)
data.setCell(31, 1, 'T20_searchKeyword')
data.setCell(31, 2, 'functional.SearchFunctionalTests')
data.setCell(31, 3, 0);
data.setCell(32, 0, 32)
data.setCell(32, 1, 'T27_bulkDeleteRestore')
data.setCell(32, 2, 'regression.InboxRegressionTests')
data.setCell(32, 3, 0);
data.setCell(33, 0, 33)
data.setCell(33, 1, 'T14_largeAttachmentNegative')
data.setCell(33, 2, 'functional.ComposeFunctionalTests')
data.setCell(33, 3, 0);
data.setCell(34, 0, 34)
data.setCell(34, 1, 'T32_sessionTimeout')
data.setCell(34, 2, 'regression.SystemRegressionTests')
data.setCell(34, 3, 0);
data.setCell(35, 0, 35)
data.setCell(35, 1, 'T03_logout')
data.setCell(35, 2, 'sanity.SanitySuite')
data.setCell(35, 3, 0);
data.setCell(36, 0, 36)
data.setCell(36, 1, 'T13_attachmentUpload')
data.setCell(36, 2, 'functional.ComposeFunctionalTests')
data.setCell(36, 3, 0);
data.setCell(37, 0, 37)
data.setCell(37, 1, 'T17_moveMailToFolder')
data.setCell(37, 2, 'functional.ComposeFunctionalTests')
data.setCell(37, 3, 0);
data.setCell(38, 0, 38)
data.setCell(38, 1, 'T09_invalidLogin')
data.setCell(38, 2, 'functional.LoginFunctionalTests')
data.setCell(38, 3, 0);
window.suiteTableData['Suite']= { tableData: data, tableDiv: 'times-div-Suite'}
return data;
}
              </script>
              <span class="suite-total-time">Total running time: 4 ms</span>
              <div id="times-div-Suite">
              </div> <!-- times-div-Suite -->
            </div> <!-- times-div -->
          </div> <!-- main-panel-content rounded-window-bottom -->
        </div> <!-- panel -->
        <div panel-name="reporter-Suite" class="panel">
          <div class="main-panel-header rounded-window-top">
            <span class="header-content">Reporter output for Suite</span>
          </div> <!-- main-panel-header rounded-window-top -->
          <div class="main-panel-content rounded-window-bottom">
          </div> <!-- main-panel-content rounded-window-bottom -->
        </div> <!-- panel -->
        <div panel-name="ignored-methods-Suite" class="panel">
          <div class="main-panel-header rounded-window-top">
            <span class="header-content">7 ignored methods</span>
          </div> <!-- main-panel-header rounded-window-top -->
          <div class="main-panel-content rounded-window-bottom">
            <div class="ignored-class-div">
              <span class="ignored-class-name">regression.InboxRegressionTests</span>
              <div class="ignored-methods-div">
                <span class="ignored-method-name">beforeSuite</span>
                <br/>
              </div> <!-- ignored-methods-div -->
            </div> <!-- ignored-class-div -->
            <div class="ignored-class-div">
              <span class="ignored-class-name">functional.LoginFunctionalTests</span>
              <div class="ignored-methods-div">
                <span class="ignored-method-name">beforeSuite</span>
                <br/>
              </div> <!-- ignored-methods-div -->
            </div> <!-- ignored-class-div -->
            <div class="ignored-class-div">
              <span class="ignored-class-name">functional.ComposeFunctionalTests</span>
              <div class="ignored-methods-div">
                <span class="ignored-method-name">beforeSuite</span>
                <br/>
              </div> <!-- ignored-methods-div -->
            </div> <!-- ignored-class-div -->
            <div class="ignored-class-div">
              <span class="ignored-class-name">regression.SystemRegressionTests</span>
              <div class="ignored-methods-div">
                <span class="ignored-method-name">beforeSuite</span>
                <br/>
              </div> <!-- ignored-methods-div -->
            </div> <!-- ignored-class-div -->
            <div class="ignored-class-div">
              <span class="ignored-class-name">sanity.SanitySuite</span>
              <div class="ignored-methods-div">
                <span class="ignored-method-name">beforeSuite</span>
                <br/>
              </div> <!-- ignored-methods-div -->
            </div> <!-- ignored-class-div -->
            <div class="ignored-class-div">
              <span class="ignored-class-name">functional.SettingsFunctionalTests</span>
              <div class="ignored-methods-div">
                <span class="ignored-method-name">beforeSuite</span>
                <br/>
              </div> <!-- ignored-methods-div -->
            </div> <!-- ignored-class-div -->
            <div class="ignored-class-div">
              <span class="ignored-class-name">functional.SearchFunctionalTests</span>
              <div class="ignored-methods-div">
                <span class="ignored-method-name">beforeSuite</span>
                <br/>
              </div> <!-- ignored-methods-div -->
            </div> <!-- ignored-class-div -->
          </div> <!-- main-panel-content rounded-window-bottom -->
        </div> <!-- panel -->
        <div panel-name="chronological-Suite" class="panel">
          <div class="main-panel-header rounded-window-top">
            <span class="header-content">Methods in chronological order</span>
          </div> <!-- main-panel-header rounded-window-top -->
          <div class="main-panel-content rounded-window-bottom">
            <div class="chronological-class">
              <div class="chronological-class-name">regression.ComposeRegressionTests</div> <!-- chronological-class-name -->
              <div class="configuration-suite before">
                <span class="method-name">beforeSuite</span>
                <span class="method-start">0 ms</span>
              </div> <!-- configuration-suite before -->
              <div class="configuration-class before">
                <img src="failed.png">
                </img>
                <span class="method-name">setup(qa)</span>
                <span class="method-start">113 ms</span>
              </div> <!-- configuration-class before -->
              <div class="test-method">
                <span class="method-name">T29_composeAutosaveIdle</span>
                <span class="method-start">444 ms</span>
              </div> <!-- test-method -->
              <div class="configuration-method after">
                <span class="method-name">afterEach([TestResult name=T29_composeAutosaveIdle status=SKIP method=ComposeRegressionTests.T29_composeAutosa...)</span>
                <span class="method-start">465 ms</span>
              </div> <!-- configuration-method after -->
              <div class="test-method">
                <span class="method-name">T30_sendThrottle</span>
                <span class="method-start">503 ms</span>
              </div> <!-- test-method -->
              <div class="configuration-method after">
                <span class="method-name">afterEach([TestResult name=T30_sendThrottle status=SKIP method=ComposeRegressionTests.T30_sendThrottle()[pri:0...)</span>
                <span class="method-start">518 ms</span>
              </div> <!-- configuration-method after -->
              <div class="test-method">
                <span class="method-name">T31_internationalization</span>
                <span class="method-start">525 ms</span>
              </div> <!-- test-method -->
              <div class="configuration-method after">
                <span class="method-name">afterEach([TestResult name=T31_internationalization status=SKIP method=ComposeRegressionTests.T31_internationa...)</span>
                <span class="method-start">538 ms</span>
              </div> <!-- configuration-method after -->
              <div class="configuration-class after">
                <span class="method-name">teardown</span>
                <span class="method-start">544 ms</span>
              </div> <!-- configuration-class after -->
            </div> <!-- chronological-class -->
            <div class="chronological-class">
              <div class="chronological-class-name">regression.InboxRegressionTests</div> <!-- chronological-class-name -->
              <div class="configuration-class before">
                <img src="failed.png">
                </img>
                <span class="method-name">setup(qa)</span>
                <span class="method-start">548 ms</span>
              </div> <!-- configuration-class before -->
              <div class="test-method">
                <span class="method-name">T25_multiLoginLogout</span>
                <span class="method-start">563 ms</span>
              </div> <!-- test-method -->
              <div class="configuration-method after">
                <span class="method-name">afterEach([TestResult name=T25_multiLoginLogout status=SKIP method=InboxRegressionTests.T25_multiLoginLogout()...)</span>
                <span class="method-start">576 ms</span>
              </div> <!-- configuration-method after -->
              <div class="test-method">
                <span class="method-name">T26_paginationNavigation</span>
                <span class="method-start">583 ms</span>
              </div> <!-- test-method -->
              <div class="configuration-method after">
                <span class="method-name">afterEach([TestResult name=T26_paginationNavigation status=SKIP method=InboxRegressionTests.T26_paginationNavi...)</span>
                <span class="method-start">596 ms</span>
              </div> <!-- configuration-method after -->
              <div class="test-method">
                <span class="method-name">T27_bulkDeleteRestore</span>
                <span class="method-start">604 ms</span>
              </div> <!-- test-method -->
              <div class="configuration-method after">
                <span class="method-name">afterEach([TestResult name=T27_bulkDeleteRestore status=SKIP method=InboxRegressionTests.T27_bulkDeleteRestore...)</span>
                <span class="method-start">616 ms</span>
              </div> <!-- configuration-method after -->
              <div class="test-method">
                <span class="method-name">T28_folderCreateDelete</span>
                <span class="method-start">623 ms</span>
              </div> <!-- test-method -->
              <div class="configuration-method after">
                <span class="method-name">afterEach([TestResult name=T28_folderCreateDelete status=SKIP method=InboxRegressionTests.T28_folderCreateDele...)</span>
                <span class="method-start">637 ms</span>
              </div> <!-- configuration-method after -->
              <div class="configuration-class after">
                <span class="method-name">teardown</span>
                <span class="method-start">642 ms</span>
              </div> <!-- configuration-class after -->
            </div> <!-- chronological-class -->
            <div class="chronological-class">
              <div class="chronological-class-name">regression.SystemRegressionTests</div> <!-- chronological-class-name -->
              <div class="configuration-class before">
                <img src="failed.png">
                </img>
                <span class="method-name">setup(qa)</span>
                <span class="method-start">644 ms</span>
              </div> <!-- configuration-class before -->
              <div class="test-method">
                <span class="method-name">T32_sessionTimeout</span>
                <span class="method-start">658 ms</span>
              </div> <!-- test-method -->
              <div class="configuration-method after">
                <span class="method-name">afterEach([TestResult name=T32_sessionTimeout status=SKIP method=SystemRegressionTests.T32_sessionTimeout()[pr...)</span>
                <span class="method-start">671 ms</span>
              </div> <!-- configuration-method after -->
              <div class="test-method">
                <span class="method-name">T33_malwareBlock</span>
                <span class="method-start">677 ms</span>
              </div> <!-- test-method -->
              <div class="configuration-method after">
                <span class="method-name">afterEach([TestResult name=T33_malwareBlock status=SKIP method=SystemRegressionTests.T33_malwareBlock()[pri:0,...)</span>
                <span class="method-start">690 ms</span>
              </div> <!-- configuration-method after -->
              <div class="test-method">
                <span class="method-name">T34_crossBrowserSmoke</span>
                <span class="method-start">697 ms</span>
              </div> <!-- test-method -->
              <div class="configuration-method after">
                <span class="method-name">afterEach([TestResult name=T34_crossBrowserSmoke status=SKIP method=SystemRegressionTests.T34_crossBrowserSmok...)</span>
                <span class="method-start">714 ms</span>
              </div> <!-- configuration-method after -->
              <div class="configuration-class after">
                <span class="method-name">teardown</span>
                <span class="method-start">719 ms</span>
              </div> <!-- configuration-class after -->
            </div> <!-- chronological-class -->
            <div class="chronological-class">
              <div class="chronological-class-name">functional.SettingsFunctionalTests</div> <!-- chronological-class-name -->
              <div class="configuration-class before">
                <img src="failed.png">
                </img>
                <span class="method-name">setup(qa)</span>
                <span class="method-start">721 ms</span>
              </div> <!-- configuration-class before -->
              <div class="test-method">
                <span class="method-name">T23_updateSignature</span>
                <span class="method-start">734 ms</span>
              </div> <!-- test-method -->
              <div class="configuration-method after">
                <span class="method-name">afterEach([TestResult name=T23_updateSignature status=SKIP method=SettingsFunctionalTests.T23_updateSignature(...)</span>
                <span class="method-start">746 ms</span>
              </div> <!-- configuration-method after -->
              <div class="test-method">
                <span class="method-name">T24_enableVacationAutoReply</span>
                <span class="method-start">752 ms</span>
              </div> <!-- test-method -->
              <div class="configuration-method after">
                <span class="method-name">afterEach([TestResult name=T24_enableVacationAutoReply status=SKIP method=SettingsFunctionalTests.T24_enableVa...)</span>
                <span class="method-start">764 ms</span>
              </div> <!-- configuration-method after -->
              <div class="configuration-class after">
                <span class="method-name">teardown</span>
                <span class="method-start">769 ms</span>
              </div> <!-- configuration-class after -->
            </div> <!-- chronological-class -->
            <div class="chronological-class">
              <div class="chronological-class-name">functional.SearchFunctionalTests</div> <!-- chronological-class-name -->
              <div class="configuration-class before">
                <img src="failed.png">
                </img>
                <span class="method-name">setup(qa)</span>
                <span class="method-start">771 ms</span>
              </div> <!-- configuration-class before -->
              <div class="test-method">
                <span class="method-name">T20_searchKeyword</span>
                <span class="method-start">783 ms</span>
              </div> <!-- test-method -->
              <div class="configuration-method after">
                <span class="method-name">afterEach([TestResult name=T20_searchKeyword status=SKIP method=SearchFunctionalTests.T20_searchKeyword()[pri:...)</span>
                <span class="method-start">794 ms</span>
              </div> <!-- configuration-method after -->
              <div class="test-method">
                <span class="method-name">T21_searchBySender</span>
                <span class="method-start">800 ms</span>
              </div> <!-- test-method -->
              <div class="configuration-method after">
                <span class="method-name">afterEach([TestResult name=T21_searchBySender status=SKIP method=SearchFunctionalTests.T21_searchBySender()[pr...)</span>
                <span class="method-start">813 ms</span>
              </div> <!-- configuration-method after -->
              <div class="test-method">
                <span class="method-name">T22_searchByDateRange</span>
                <span class="method-start">819 ms</span>
              </div> <!-- test-method -->
              <div class="configuration-method after">
                <span class="method-name">afterEach([TestResult name=T22_searchByDateRange status=SKIP method=SearchFunctionalTests.T22_searchByDateRang...)</span>
                <span class="method-start">831 ms</span>
              </div> <!-- configuration-method after -->
              <div class="configuration-class after">
                <span class="method-name">teardown</span>
                <span class="method-start">835 ms</span>
              </div> <!-- configuration-class after -->
            </div> <!-- chronological-class -->
            <div class="chronological-class">
              <div class="chronological-class-name">sanity.SanitySuite</div> <!-- chronological-class-name -->
              <div class="configuration-class before">
                <img src="failed.png">
                </img>
                <span class="method-name">setup(qa)</span>
                <span class="method-start">837 ms</span>
              </div> <!-- configuration-class before -->
              <div class="test-method">
                <span class="method-name">T01_validLogin</span>
                <span class="method-start">850 ms</span>
              </div> <!-- test-method -->
              <div class="configuration-method after">
                <span class="method-name">afterEach([TestResult name=T01_validLogin status=SKIP method=SanitySuite.T01_validLogin()[pri:0, instance:sani...)</span>
                <span class="method-start">861 ms</span>
              </div> <!-- configuration-method after -->
              <div class="test-method">
                <span class="method-name">T02_composeSendMinimal</span>
                <span class="method-start">867 ms</span>
              </div> <!-- test-method -->
              <div class="configuration-method after">
                <span class="method-name">afterEach([TestResult name=T02_composeSendMinimal status=SKIP method=SanitySuite.T02_composeSendMinimal()[pri:...)</span>
                <span class="method-start">876 ms</span>
              </div> <!-- configuration-method after -->
              <div class="test-method">
                <span class="method-name">T03_logout</span>
                <span class="method-start">881 ms</span>
              </div> <!-- test-method -->
              <div class="configuration-method after">
                <span class="method-name">afterEach([TestResult name=T03_logout status=SKIP method=SanitySuite.T03_logout()[pri:0, instance:sanity.Sanit...)</span>
                <span class="method-start">890 ms</span>
              </div> <!-- configuration-method after -->
              <div class="test-method">
                <span class="method-name">T04_inboxLoad</span>
                <span class="method-start">896 ms</span>
              </div> <!-- test-method -->
              <div class="configuration-method after">
                <span class="method-name">afterEach([TestResult name=T04_inboxLoad status=SKIP method=SanitySuite.T04_inboxLoad()[pri:0, instance:sanity...)</span>
                <span class="method-start">910 ms</span>
              </div> <!-- configuration-method after -->
              <div class="test-method">
                <span class="method-name">T05_basicSearch</span>
                <span class="method-start">915 ms</span>
              </div> <!-- test-method -->
              <div class="configuration-method after">
                <span class="method-name">afterEach([TestResult name=T05_basicSearch status=SKIP method=SanitySuite.T05_basicSearch()[pri:0, instance:sa...)</span>
                <span class="method-start">926 ms</span>
              </div> <!-- configuration-method after -->
              <div class="test-method">
                <span class="method-name">T06_openMail</span>
                <span class="method-start">932 ms</span>
              </div> <!-- test-method -->
              <div class="configuration-method after">
                <span class="method-name">afterEach([TestResult name=T06_openMail status=SKIP method=SanitySuite.T06_openMail()[pri:0, instance:sanity.S...)</span>
                <span class="method-start">944 ms</span>
              </div> <!-- configuration-method after -->
              <div class="test-method">
                <span class="method-name">T07_deleteMailToTrash</span>
                <span class="method-start">951 ms</span>
              </div> <!-- test-method -->
              <div class="configuration-method after">
                <span class="method-name">afterEach([TestResult name=T07_deleteMailToTrash status=SKIP method=SanitySuite.T07_deleteMailToTrash()[pri:0,...)</span>
                <span class="method-start">964 ms</span>
              </div> <!-- configuration-method after -->
              <div class="test-method">
                <span class="method-name">T08_draftSaveOnClose</span>
                <span class="method-start">970 ms</span>
              </div> <!-- test-method -->
              <div class="configuration-method after">
                <span class="method-name">afterEach([TestResult name=T08_draftSaveOnClose status=SKIP method=SanitySuite.T08_draftSaveOnClose()[pri:0, i...)</span>
                <span class="method-start">980 ms</span>
              </div> <!-- configuration-method after -->
              <div class="configuration-class after">
                <span class="method-name">teardown</span>
                <span class="method-start">985 ms</span>
              </div> <!-- configuration-class after -->
            </div> <!-- chronological-class -->
            <div class="chronological-class">
              <div class="chronological-class-name">functional.LoginFunctionalTests</div> <!-- chronological-class-name -->
              <div class="configuration-class before">
                <img src="failed.png">
                </img>
                <span class="method-name">setup(qa)</span>
                <span class="method-start">987 ms</span>
              </div> <!-- configuration-class before -->
              <div class="test-method">
                <span class="method-name">T09_invalidLogin(user@rediffmail.com, wrongpass)</span>
                <span class="method-start">1021 ms</span>
              </div> <!-- test-method -->
              <div class="configuration-method after">
                <span class="method-name">afterEach([TestResult name=T09_invalidLogin status=SKIP method=LoginFunctionalTests.T09_invalidLogin(java.lang...)</span>
                <span class="method-start">1033 ms</span>
              </div> <!-- configuration-method after -->
              <div class="test-method">
                <span class="method-name">T09_invalidLogin(, somepass)</span>
                <span class="method-start">1037 ms</span>
              </div> <!-- test-method -->
              <div class="configuration-method after">
                <span class="method-name">afterEach([TestResult name=T09_invalidLogin status=SKIP method=LoginFunctionalTests.T09_invalidLogin(java.lang...)</span>
                <span class="method-start">1048 ms</span>
              </div> <!-- configuration-method after -->
              <div class="test-method">
                <span class="method-name">T09_invalidLogin(user@rediffmail.com, )</span>
                <span class="method-start">1054 ms</span>
              </div> <!-- test-method -->
              <div class="configuration-method after">
                <span class="method-name">afterEach([TestResult name=T09_invalidLogin status=SKIP method=LoginFunctionalTests.T09_invalidLogin(java.lang...)</span>
                <span class="method-start">1066 ms</span>
              </div> <!-- configuration-method after -->
              <div class="test-method">
                <span class="method-name">T09_invalidLogin(invalid@@mail.com, pass123)</span>
                <span class="method-start">1071 ms</span>
              </div> <!-- test-method -->
              <div class="configuration-method after">
                <span class="method-name">afterEach([TestResult name=T09_invalidLogin status=SKIP method=LoginFunctionalTests.T09_invalidLogin(java.lang...)</span>
                <span class="method-start">1084 ms</span>
              </div> <!-- configuration-method after -->
              <div class="test-method">
                <span class="method-name">T10_passwordMasked</span>
                <span class="method-start">1090 ms</span>
              </div> <!-- test-method -->
              <div class="configuration-method after">
                <span class="method-name">afterEach([TestResult name=T10_passwordMasked status=SKIP method=LoginFunctionalTests.T10_passwordMasked()[pri...)</span>
                <span class="method-start">1103 ms</span>
              </div> <!-- configuration-method after -->
              <div class="test-method">
                <span class="method-name">T11_successLogin</span>
                <span class="method-start">1114 ms</span>
              </div> <!-- test-method -->
              <div class="configuration-method after">
                <span class="method-name">afterEach([TestResult name=T11_successLogin status=SKIP method=LoginFunctionalTests.T11_successLogin()[pri:0, ...)</span>
                <span class="method-start">1127 ms</span>
              </div> <!-- configuration-method after -->
              <div class="configuration-class after">
                <span class="method-name">teardown</span>
                <span class="method-start">1149 ms</span>
              </div> <!-- configuration-class after -->
            </div> <!-- chronological-class -->
            <div class="chronological-class">
              <div class="chronological-class-name">functional.ComposeFunctionalTests</div> <!-- chronological-class-name -->
              <div class="configuration-class before">
                <img src="failed.png">
                </img>
                <span class="method-name">setup(qa)</span>
                <span class="method-start">1150 ms</span>
              </div> <!-- configuration-class before -->
              <div class="test-method">
                <span class="method-name">T12_sendWithCcBcc</span>
                <span class="method-start">1162 ms</span>
              </div> <!-- test-method -->
              <div class="configuration-method after">
                <span class="method-name">afterEach([TestResult name=T12_sendWithCcBcc status=SKIP method=ComposeFunctionalTests.T12_sendWithCcBcc()[pri...)</span>
                <span class="method-start">1172 ms</span>
              </div> <!-- configuration-method after -->
              <div class="test-method">
                <span class="method-name">T13_attachmentUpload(src/test/resources/data/sample.pdf, true)</span>
                <span class="method-start">1180 ms</span>
              </div> <!-- test-method -->
              <div class="configuration-method after">
                <span class="method-name">afterEach([TestResult name=T13_attachmentUpload status=SKIP method=ComposeFunctionalTests.T13_attachmentUpload...)</span>
                <span class="method-start">1189 ms</span>
              </div> <!-- configuration-method after -->
              <div class="test-method">
                <span class="method-name">T13_attachmentUpload(src/test/resources/data/large.zip, false)</span>
                <span class="method-start">1194 ms</span>
              </div> <!-- test-method -->
              <div class="configuration-method after">
                <span class="method-name">afterEach([TestResult name=T13_attachmentUpload status=SKIP method=ComposeFunctionalTests.T13_attachmentUpload...)</span>
                <span class="method-start">1204 ms</span>
              </div> <!-- configuration-method after -->
              <div class="test-method">
                <span class="method-name">T13_attachmentUpload(src/test/resources/data/eicar.txt, false)</span>
                <span class="method-start">1210 ms</span>
              </div> <!-- test-method -->
              <div class="configuration-method after">
                <span class="method-name">afterEach([TestResult name=T13_attachmentUpload status=SKIP method=ComposeFunctionalTests.T13_attachmentUpload...)</span>
                <span class="method-start">1221 ms</span>
              </div> <!-- configuration-method after -->
              <div class="test-method">
                <span class="method-name">T14_largeAttachmentNegative</span>
                <span class="method-start">1227 ms</span>
              </div> <!-- test-method -->
              <div class="configuration-method after">
                <span class="method-name">afterEach([TestResult name=T14_largeAttachmentNegative status=SKIP method=ComposeFunctionalTests.T14_largeAtta...)</span>
                <span class="method-start">1236 ms</span>
              </div> <!-- configuration-method after -->
              <div class="test-method">
                <span class="method-name">T15_richTextFormatting</span>
                <span class="method-start">1242 ms</span>
              </div> <!-- test-method -->
              <div class="configuration-method after">
                <span class="method-name">afterEach([TestResult name=T15_richTextFormatting status=SKIP method=ComposeFunctionalTests.T15_richTextFormat...)</span>
                <span class="method-start">1252 ms</span>
              </div> <!-- configuration-method after -->
              <div class="test-method">
                <span class="method-name">T16_markReadUnread</span>
                <span class="method-start">1257 ms</span>
              </div> <!-- test-method -->
              <div class="configuration-method after">
                <span class="method-name">afterEach([TestResult name=T16_markReadUnread status=SKIP method=ComposeFunctionalTests.T16_markReadUnread()[p...)</span>
                <span class="method-start">1266 ms</span>
              </div> <!-- configuration-method after -->
              <div class="test-method">
                <span class="method-name">T17_moveMailToFolder</span>
                <span class="method-start">1271 ms</span>
              </div> <!-- test-method -->
              <div class="configuration-method after">
                <span class="method-name">afterEach([TestResult name=T17_moveMailToFolder status=SKIP method=ComposeFunctionalTests.T17_moveMailToFolder...)</span>
                <span class="method-start">1280 ms</span>
              </div> <!-- configuration-method after -->
              <div class="test-method">
                <span class="method-name">T18_draftAutoSave</span>
                <span class="method-start">1285 ms</span>
              </div> <!-- test-method -->
              <div class="configuration-method after">
                <span class="method-name">afterEach([TestResult name=T18_draftAutoSave status=SKIP method=ComposeFunctionalTests.T18_draftAutoSave()[pri...)</span>
                <span class="method-start">1293 ms</span>
              </div> <!-- configuration-method after -->
              <div class="test-method">
                <span class="method-name">T19_invalidRecipientNegative</span>
                <span class="method-start">1297 ms</span>
              </div> <!-- test-method -->
              <div class="configuration-method after">
                <span class="method-name">afterEach([TestResult name=T19_invalidRecipientNegative status=SKIP method=ComposeFunctionalTests.T19_invalidR...)</span>
                <span class="method-start">1307 ms</span>
              </div> <!-- configuration-method after -->
              <div class="configuration-class after">
                <span class="method-name">teardown</span>
                <span class="method-start">1312 ms</span>
              </div> <!-- configuration-class after -->
          </div> <!-- main-panel-content rounded-window-bottom -->
        </div> <!-- panel -->
      </div> <!-- main-panel-root -->
    </div> <!-- wrapper -->
  </body>
<script type="text/javascript" src="testng-reports2.js"></script>
</html>
